Started GET "/" for ::1 at 2020-10-08 16:36:51 -0700
DEPRECATION WARNING: ActiveRecord::Base.raise_in_transactional_callbacks= is deprecated, has no effect and will be removed without replacement. (called from block (3 levels) in <class:Railtie> at /Users/carlosgarciajr/.rbenv/versions/2.5.1/lib/ruby/gems/2.5.0/gems/activerecord-5.0.7.2/lib/active_record/railtie.rb:113)
Processing by StaticPagesController#index as HTML
  Rendering static_pages/index.html.erb within layouts/application
  Rendered shared/_main_nav.html.erb (0.3ms)
  Rendered shared/_masthead.html.erb (0.2ms)
  Rendered shared/_sections_nav.html.erb (0.2ms)
  Rendered shared/_search_modal.html.erb (0.2ms)
  Rendered shared/_main_content.html.erb (0.2ms)
  Rendered static_pages/index.html.erb within layouts/application (15.2ms)
Completed 200 OK in 362ms (Views: 358.9ms | ActiveRecord: 0.0ms)


Started GET "/assets/application.self-5e5b219656abf8c4e83f7dfd5e5f4f415d8fe2348d16620303a4ed96d1b5a144.css?body=1" for ::1 at 2020-10-08 16:36:52 -0700
Started GET "/" for ::1 at 2020-10-08 16:36:53 -0700
Processing by StaticPagesController#index as HTML
  Rendering static_pages/index.html.erb within layouts/application
  Rendered shared/_main_nav.html.erb (0.2ms)
  Rendered shared/_masthead.html.erb (0.2ms)
  Rendered shared/_sections_nav.html.erb (0.2ms)
  Rendered shared/_search_modal.html.erb (0.2ms)
  Rendered shared/_main_content.html.erb (0.1ms)
  Rendered static_pages/index.html.erb within layouts/application (13.2ms)
Completed 200 OK in 29ms (Views: 26.9ms | ActiveRecord: 0.0ms)


Started GET "/" for ::1 at 2020-10-08 16:37:17 -0700
Processing by StaticPagesController#index as HTML
  Rendering static_pages/index.html.erb within layouts/application
  Rendered shared/_main_nav.html.erb (0.2ms)
  Rendered shared/_masthead.html.erb (0.2ms)
  Rendered shared/_sections_nav.html.erb (0.2ms)
  Rendered shared/_search_modal.html.erb (0.2ms)
  Rendered shared/_main_content.html.erb (0.2ms)
  Rendered static_pages/index.html.erb within layouts/application (14.6ms)
Completed 200 OK in 35ms (Views: 31.8ms | ActiveRecord: 0.0ms)


Started GET "/" for ::1 at 2020-10-08 16:37:20 -0700
Processing by StaticPagesController#index as HTML
  Rendering static_pages/index.html.erb within layouts/application
  Rendered shared/_main_nav.html.erb (0.2ms)
  Rendered shared/_masthead.html.erb (0.2ms)
  Rendered shared/_sections_nav.html.erb (0.2ms)
  Rendered shared/_search_modal.html.erb (0.2ms)
  Rendered shared/_main_content.html.erb (0.2ms)
  Rendered static_pages/index.html.erb within layouts/application (12.8ms)
Completed 200 OK in 30ms (Views: 27.7ms | ActiveRecord: 0.0ms)


Started GET "/" for ::1 at 2020-10-09 09:59:50 -0700
DEPRECATION WARNING: ActiveRecord::Base.raise_in_transactional_callbacks= is deprecated, has no effect and will be removed without replacement. (called from block (3 levels) in <class:Railtie> at /Users/carlosgarciajr/.rbenv/versions/2.5.1/lib/ruby/gems/2.5.0/gems/activerecord-5.0.7.2/lib/active_record/railtie.rb:113)
Processing by StaticPagesController#index as HTML
  Rendering static_pages/index.html.erb within layouts/application
  Rendered shared/_main_nav.html.erb (0.3ms)
  Rendered shared/_masthead.html.erb (0.2ms)
  Rendered shared/_sections_nav.html.erb (0.2ms)
  Rendered shared/_search_modal.html.erb (0.2ms)
  Rendered shared/_main_content.html.erb (0.2ms)
  Rendered static_pages/index.html.erb within layouts/application (15.4ms)
Completed 200 OK in 353ms (Views: 350.1ms | ActiveRecord: 0.0ms)


Started GET "/assets/application.self-7aae4f884d21c0f895d0e25909b4a3857ca3f7bdd4412baf28bf32a8b1f558b1.css?body=1" for ::1 at 2020-10-09 09:59:51 -0700
Started GET "/" for ::1 at 2020-10-09 10:00:16 -0700
Processing by StaticPagesController#index as HTML
  Rendering static_pages/index.html.erb within layouts/application
  Rendered shared/_main_nav.html.erb (0.2ms)
  Rendered shared/_masthead.html.erb (0.2ms)
  Rendered shared/_sections_nav.html.erb (0.1ms)
  Rendered shared/_search_modal.html.erb (0.2ms)
  Rendered shared/_main_content.html.erb (0.4ms)
  Rendered static_pages/index.html.erb within layouts/application (12.9ms)
Completed 200 OK in 34ms (Views: 30.5ms | ActiveRecord: 0.0ms)


Started GET "/assets/new_office.jpg" for ::1 at 2020-10-09 10:00:16 -0700
Started GET "/" for ::1 at 2020-10-09 10:03:51 -0700
Processing by StaticPagesController#index as HTML
  Rendering static_pages/index.html.erb within layouts/application
  Rendered shared/_main_nav.html.erb (0.2ms)
  Rendered shared/_masthead.html.erb (0.2ms)
  Rendered shared/_sections_nav.html.erb (0.3ms)
  Rendered shared/_search_modal.html.erb (0.2ms)
  Rendered shared/_main_content.html.erb (0.3ms)
  Rendered static_pages/index.html.erb within layouts/application (13.1ms)
Completed 200 OK in 109ms (Views: 104.9ms | ActiveRecord: 0.0ms)


Started GET "/assets/application.self-e229079662ba64eec2df88cc9898f07a6b5005419aa37c928d3d684a6d58d3e4.css?body=1" for ::1 at 2020-10-09 10:03:51 -0700
Started GET "/assets/new_office.jpg" for ::1 at 2020-10-09 10:03:51 -0700
Started GET "/" for ::1 at 2020-10-12 13:48:14 -0700
DEPRECATION WARNING: ActiveRecord::Base.raise_in_transactional_callbacks= is deprecated, has no effect and will be removed without replacement. (called from block (3 levels) in <class:Railtie> at /Users/carlosgarciajr/.rbenv/versions/2.5.1/lib/ruby/gems/2.5.0/gems/activerecord-5.0.7.2/lib/active_record/railtie.rb:113)
Processing by StaticPagesController#index as HTML
  Rendering static_pages/index.html.erb within layouts/application
  Rendered shared/_main_nav.html.erb (0.2ms)
  Rendered shared/_masthead.html.erb (0.1ms)
  Rendered shared/_sections_nav.html.erb (0.1ms)
  Rendered shared/_search_modal.html.erb (0.2ms)
  Rendered shared/_main_content.html.erb (0.3ms)
  Rendered static_pages/index.html.erb within layouts/application (14.5ms)
Completed 500 Internal Server Error in 194ms (ActiveRecord: 0.0ms)



Sass::SyntaxError - File to import not found or unreadable: base/grid.scss.
Load paths:
  /Users/carlosgarciajr/Documents/programming/app_academy_work/curriculum/html-css/projects/aa_times/skeleton/app/assets/images
  /Users/carlosgarciajr/Documents/programming/app_academy_work/curriculum/html-css/projects/aa_times/skeleton/app/assets/javascripts
  /Users/carlosgarciajr/Documents/programming/app_academy_work/curriculum/html-css/projects/aa_times/skeleton/app/assets/stylesheets
  /Users/carlosgarciajr/Documents/programming/app_academy_work/curriculum/html-css/projects/aa_times/skeleton/vendor/assets/javascripts
  /Users/carlosgarciajr/Documents/programming/app_academy_work/curriculum/html-css/projects/aa_times/skeleton/vendor/assets/stylesheets
  /Users/carlosgarciajr/.rbenv/versions/2.5.1/lib/ruby/gems/2.5.0/gems/jquery-rails-4.4.0/vendor/assets/javascripts
  /Users/carlosgarciajr/.rbenv/versions/2.5.1/lib/ruby/gems/2.5.0/gems/coffee-rails-4.2.2/lib/assets/javascripts
  /Users/carlosgarciajr/.rbenv/versions/2.5.1/lib/ruby/gems/2.5.0/gems/actioncable-5.0.7.2/lib/assets/compiled:
  app/views/layouts/application.html.erb:7:in `_app_views_layouts_application_html_erb___270333905406359367_70279989431840'

Started POST "/__better_errors/927a171e4587d656/variables" for ::1 at 2020-10-12 13:48:14 -0700
Started GET "/" for ::1 at 2020-10-12 13:48:41 -0700
Processing by StaticPagesController#index as HTML
  Rendering static_pages/index.html.erb within layouts/application
  Rendered shared/_main_nav.html.erb (0.2ms)
  Rendered shared/_masthead.html.erb (0.1ms)
  Rendered shared/_sections_nav.html.erb (0.3ms)
  Rendered shared/_search_modal.html.erb (0.3ms)
  Rendered shared/_main_content.html.erb (0.2ms)
  Rendered static_pages/index.html.erb within layouts/application (12.8ms)
Completed 200 OK in 110ms (Views: 107.4ms | ActiveRecord: 0.0ms)


Started GET "/assets/application.self-1237ad35a9ee79bd64030d4638d1fd80f6734c490eb538e0dd01d7af3c16bf40.css?body=1" for ::1 at 2020-10-12 13:48:41 -0700
Started GET "/" for ::1 at 2020-10-12 13:48:43 -0700
Processing by StaticPagesController#index as HTML
  Rendering static_pages/index.html.erb within layouts/application
  Rendered shared/_main_nav.html.erb (0.2ms)
  Rendered shared/_masthead.html.erb (0.2ms)
  Rendered shared/_sections_nav.html.erb (0.2ms)
  Rendered shared/_search_modal.html.erb (0.2ms)
  Rendered shared/_main_content.html.erb (0.2ms)
  Rendered static_pages/index.html.erb within layouts/application (13.1ms)
Completed 200 OK in 33ms (Views: 29.9ms | ActiveRecord: 0.0ms)


Started GET "/" for ::1 at 2020-10-12 13:55:52 -0700
DEPRECATION WARNING: ActiveRecord::Base.raise_in_transactional_callbacks= is deprecated, has no effect and will be removed without replacement. (called from block (3 levels) in <class:Railtie> at /Users/carlosgarciajr/.rbenv/versions/2.5.1/lib/ruby/gems/2.5.0/gems/activerecord-5.0.7.2/lib/active_record/railtie.rb:113)
Processing by StaticPagesController#index as HTML
  Rendering static_pages/index.html.erb within layouts/application
  Rendered shared/_main_nav.html.erb (0.2ms)
  Rendered shared/_masthead.html.erb (0.1ms)
  Rendered shared/_sections_nav.html.erb (0.3ms)
  Rendered shared/_search_modal.html.erb (0.2ms)
  Rendered shared/_main_content.html.erb (0.3ms)
  Rendered static_pages/index.html.erb within layouts/application (14.6ms)
Completed 200 OK in 257ms (Views: 254.8ms | ActiveRecord: 0.0ms)


Started GET "/assets/application.self-758afe40c177e32f890a8b8e23f11571b5d1785af915c0789bd6a19191afc6ab.css?body=1" for ::1 at 2020-10-12 13:55:52 -0700
Started GET "/assets/new_office.jpg" for ::1 at 2020-10-12 13:55:52 -0700
Started GET "/" for ::1 at 2020-10-12 13:56:32 -0700
Processing by StaticPagesController#index as HTML
  Rendering static_pages/index.html.erb within layouts/application
  Rendered shared/_main_nav.html.erb (0.1ms)
  Rendered shared/_masthead.html.erb (0.2ms)
  Rendered shared/_sections_nav.html.erb (0.1ms)
  Rendered shared/_search_modal.html.erb (0.3ms)
  Rendered shared/_main_content.html.erb (0.3ms)
  Rendered static_pages/index.html.erb within layouts/application (12.3ms)
Completed 200 OK in 75ms (Views: 72.8ms | ActiveRecord: 0.0ms)


Started GET "/assets/application.self-e229079662ba64eec2df88cc9898f07a6b5005419aa37c928d3d684a6d58d3e4.css?body=1" for ::1 at 2020-10-12 13:56:32 -0700
Started GET "/assets/new_office.jpg" for ::1 at 2020-10-12 13:56:32 -0700
Started GET "/" for ::1 at 2020-10-12 13:56:33 -0700
Processing by StaticPagesController#index as HTML
  Rendering static_pages/index.html.erb within layouts/application
  Rendered shared/_main_nav.html.erb (0.2ms)
  Rendered shared/_masthead.html.erb (0.2ms)
  Rendered shared/_sections_nav.html.erb (0.2ms)
  Rendered shared/_search_modal.html.erb (0.2ms)
  Rendered shared/_main_content.html.erb (0.2ms)
  Rendered static_pages/index.html.erb within layouts/application (12.9ms)
Completed 200 OK in 34ms (Views: 31.3ms | ActiveRecord: 0.0ms)


Started GET "/assets/new_office.jpg" for ::1 at 2020-10-12 13:56:33 -0700
Started GET "/" for ::1 at 2020-10-12 13:57:15 -0700
Processing by StaticPagesController#index as HTML
  Rendering static_pages/index.html.erb within layouts/application
  Rendered shared/_main_nav.html.erb (0.2ms)
  Rendered shared/_masthead.html.erb (0.2ms)
  Rendered shared/_sections_nav.html.erb (0.2ms)
  Rendered shared/_search_modal.html.erb (0.2ms)
  Rendered shared/_main_content.html.erb (0.3ms)
  Rendered static_pages/index.html.erb within layouts/application (12.6ms)
Completed 200 OK in 92ms (Views: 88.2ms | ActiveRecord: 0.0ms)


Started GET "/assets/application.self-7aae4f884d21c0f895d0e25909b4a3857ca3f7bdd4412baf28bf32a8b1f558b1.css?body=1" for ::1 at 2020-10-12 13:57:15 -0700
Started GET "/assets/new_office.jpg" for ::1 at 2020-10-12 13:57:15 -0700
Started GET "/" for ::1 at 2021-01-07 10:17:24 -0800
DEPRECATION WARNING: ActiveRecord::Base.raise_in_transactional_callbacks= is deprecated, has no effect and will be removed without replacement. (called from block (3 levels) in <class:Railtie> at /Users/sediqa/.rbenv/versions/2.5.1/lib/ruby/gems/2.5.0/gems/activerecord-5.0.7.2/lib/active_record/railtie.rb:113)
Processing by StaticPagesController#index as HTML
  Rendering static_pages/index.html.erb within layouts/application
  Rendered shared/_main_nav.html.erb (0.4ms)
  Rendered shared/_masthead.html.erb (0.2ms)
  Rendered shared/_sections_nav.html.erb (0.3ms)
  Rendered shared/_search_modal.html.erb (0.3ms)
  Rendered shared/_main_content.html.erb (0.3ms)
  Rendered static_pages/index.html.erb within layouts/application (16.1ms)
Completed 200 OK in 566ms (Views: 563.5ms | ActiveRecord: 0.0ms)


Started GET "/assets/jquery.self-bd7ddd393353a8d2480a622e80342adf488fb6006d667e8b42e4c0073393abee.js?body=1" for ::1 at 2021-01-07 10:17:25 -0800
Started GET "/assets/jquery_ujs.self-784a997f6726036b1993eb2217c9cb558e1cbb801c6da88105588c56f13b466a.js?body=1" for ::1 at 2021-01-07 10:17:25 -0800
Started GET "/assets/components/sidebar.self-2a1277f850a6fa21e1a974ef5152f177ac05516477d5081d593bb137b3d6808b.js?body=1" for ::1 at 2021-01-07 10:17:25 -0800
Started GET "/assets/application.self-5c22c582cda5a36cf7892dd3db710c91b73a04acc80b345487f39c1324dbc508.css?body=1" for ::1 at 2021-01-07 10:17:25 -0800
Started GET "/assets/components/modal.self-52188644dbb47def5ee35ae02e69eb567ca9b664472357a8a5789dd39032a265.js?body=1" for ::1 at 2021-01-07 10:17:25 -0800
Started GET "/assets/application.self-f571b9db02bf4ed04c38a6a29072ac382f7d4f47db1fab9817aeadb0d8665235.js?body=1" for ::1 at 2021-01-07 10:17:25 -0800
Started GET "/" for ::1 at 2021-01-07 10:31:08 -0800
Processing by StaticPagesController#index as HTML
  Rendering static_pages/index.html.erb within layouts/application
  Rendered shared/_main_nav.html.erb (0.4ms)
  Rendered shared/_masthead.html.erb (0.5ms)
  Rendered shared/_sections_nav.html.erb (0.3ms)
  Rendered shared/_search_modal.html.erb (0.3ms)
  Rendered shared/_main_content.html.erb (0.2ms)
  Rendered static_pages/index.html.erb within layouts/application (19.5ms)
Completed 200 OK in 55ms (Views: 52.2ms | ActiveRecord: 0.0ms)


Started GET "/assets/application.self-5c22c582cda5a36cf7892dd3db710c91b73a04acc80b345487f39c1324dbc508.css?body=1&livereload=1610046012100" for ::1 at 2021-01-07 11:00:12 -0800
Started GET "/assets/application.self-5c22c582cda5a36cf7892dd3db710c91b73a04acc80b345487f39c1324dbc508.css?body=1&livereload=1610046012101" for ::1 at 2021-01-07 11:00:12 -0800
Started GET "/assets/application.self-5c22c582cda5a36cf7892dd3db710c91b73a04acc80b345487f39c1324dbc508.css?body=1&livereload=1610046015832" for ::1 at 2021-01-07 11:00:15 -0800
Started GET "/assets/application.self-5c22c582cda5a36cf7892dd3db710c91b73a04acc80b345487f39c1324dbc508.css?body=1&livereload=1610046015834" for ::1 at 2021-01-07 11:00:15 -0800
Started GET "/assets/application.self-5c22c582cda5a36cf7892dd3db710c91b73a04acc80b345487f39c1324dbc508.css?body=1&livereload=1610046016859" for ::1 at 2021-01-07 11:00:16 -0800
Started GET "/assets/application.self-5c22c582cda5a36cf7892dd3db710c91b73a04acc80b345487f39c1324dbc508.css?body=1&livereload=1610046016860" for ::1 at 2021-01-07 11:00:16 -0800
Started GET "/assets/application.self-5c22c582cda5a36cf7892dd3db710c91b73a04acc80b345487f39c1324dbc508.css?body=1&livereload=1610046018261" for ::1 at 2021-01-07 11:00:18 -0800
Started GET "/assets/application.self-5c22c582cda5a36cf7892dd3db710c91b73a04acc80b345487f39c1324dbc508.css?body=1&livereload=1610046018262" for ::1 at 2021-01-07 11:00:18 -0800
Started GET "/assets/application.self-5c22c582cda5a36cf7892dd3db710c91b73a04acc80b345487f39c1324dbc508.css?body=1&livereload=1610046046451" for ::1 at 2021-01-07 11:00:46 -0800
Started GET "/assets/application.self-5c22c582cda5a36cf7892dd3db710c91b73a04acc80b345487f39c1324dbc508.css?body=1&livereload=1610046046452" for ::1 at 2021-01-07 11:00:46 -0800
Started GET "/assets/application.self-5c22c582cda5a36cf7892dd3db710c91b73a04acc80b345487f39c1324dbc508.css?body=1&livereload=1610046050277" for ::1 at 2021-01-07 11:00:50 -0800
Started GET "/assets/application.self-5c22c582cda5a36cf7892dd3db710c91b73a04acc80b345487f39c1324dbc508.css?body=1&livereload=1610046050278" for ::1 at 2021-01-07 11:00:50 -0800
Started GET "/assets/application.self-5c22c582cda5a36cf7892dd3db710c91b73a04acc80b345487f39c1324dbc508.css?body=1&livereload=1610046062129" for ::1 at 2021-01-07 11:01:02 -0800
Started GET "/assets/application.self-5c22c582cda5a36cf7892dd3db710c91b73a04acc80b345487f39c1324dbc508.css?body=1&livereload=1610046062130" for ::1 at 2021-01-07 11:01:02 -0800
Started GET "/assets/application.self-5c22c582cda5a36cf7892dd3db710c91b73a04acc80b345487f39c1324dbc508.css?body=1&livereload=1610046066231" for ::1 at 2021-01-07 11:01:06 -0800
Started GET "/assets/application.self-5c22c582cda5a36cf7892dd3db710c91b73a04acc80b345487f39c1324dbc508.css?body=1&livereload=1610046066232" for ::1 at 2021-01-07 11:01:06 -0800
Started GET "/assets/application.self-5c22c582cda5a36cf7892dd3db710c91b73a04acc80b345487f39c1324dbc508.css?body=1&livereload=1610046077683" for ::1 at 2021-01-07 11:01:17 -0800
Started GET "/assets/application.self-5c22c582cda5a36cf7892dd3db710c91b73a04acc80b345487f39c1324dbc508.css?body=1&livereload=1610046077684" for ::1 at 2021-01-07 11:01:17 -0800
Started GET "/assets/application.self-5c22c582cda5a36cf7892dd3db710c91b73a04acc80b345487f39c1324dbc508.css?body=1&livereload=1610046080396" for ::1 at 2021-01-07 11:01:20 -0800
Started GET "/assets/application.self-5c22c582cda5a36cf7892dd3db710c91b73a04acc80b345487f39c1324dbc508.css?body=1&livereload=1610046080398" for ::1 at 2021-01-07 11:01:20 -0800
Started GET "/assets/application.self-5c22c582cda5a36cf7892dd3db710c91b73a04acc80b345487f39c1324dbc508.css?body=1&livereload=1610046090079" for ::1 at 2021-01-07 11:01:30 -0800
Started GET "/assets/application.self-5c22c582cda5a36cf7892dd3db710c91b73a04acc80b345487f39c1324dbc508.css?body=1&livereload=1610046090080" for ::1 at 2021-01-07 11:01:30 -0800
Started GET "/assets/application.self-5c22c582cda5a36cf7892dd3db710c91b73a04acc80b345487f39c1324dbc508.css?body=1&livereload=1610046095112" for ::1 at 2021-01-07 11:01:35 -0800
Started GET "/assets/application.self-5c22c582cda5a36cf7892dd3db710c91b73a04acc80b345487f39c1324dbc508.css?body=1&livereload=1610046095113" for ::1 at 2021-01-07 11:01:35 -0800
Started GET "/assets/application.self-5c22c582cda5a36cf7892dd3db710c91b73a04acc80b345487f39c1324dbc508.css?body=1&livereload=1610046097450" for ::1 at 2021-01-07 11:01:37 -0800
Started GET "/assets/application.self-5c22c582cda5a36cf7892dd3db710c91b73a04acc80b345487f39c1324dbc508.css?body=1&livereload=1610046097451" for ::1 at 2021-01-07 11:01:37 -0800
Started GET "/assets/application.self-5c22c582cda5a36cf7892dd3db710c91b73a04acc80b345487f39c1324dbc508.css?body=1&livereload=1610046108019" for ::1 at 2021-01-07 11:01:48 -0800
Started GET "/assets/application.self-5c22c582cda5a36cf7892dd3db710c91b73a04acc80b345487f39c1324dbc508.css?body=1&livereload=1610046108018" for ::1 at 2021-01-07 11:01:48 -0800
Started GET "/assets/application.self-5c22c582cda5a36cf7892dd3db710c91b73a04acc80b345487f39c1324dbc508.css?body=1&livereload=1610046370444" for ::1 at 2021-01-07 11:06:10 -0800
Started GET "/assets/application.self-5c22c582cda5a36cf7892dd3db710c91b73a04acc80b345487f39c1324dbc508.css?body=1&livereload=1610046370445" for ::1 at 2021-01-07 11:06:10 -0800
Started GET "/assets/application.self-5c22c582cda5a36cf7892dd3db710c91b73a04acc80b345487f39c1324dbc508.css?body=1&livereload=1610046372683" for ::1 at 2021-01-07 11:06:12 -0800
Started GET "/assets/application.self-5c22c582cda5a36cf7892dd3db710c91b73a04acc80b345487f39c1324dbc508.css?body=1&livereload=1610046372684" for ::1 at 2021-01-07 11:06:12 -0800
Started GET "/assets/application.self-5c22c582cda5a36cf7892dd3db710c91b73a04acc80b345487f39c1324dbc508.css?body=1&livereload=1610046384731" for ::1 at 2021-01-07 11:06:24 -0800
Started GET "/assets/application.self-5c22c582cda5a36cf7892dd3db710c91b73a04acc80b345487f39c1324dbc508.css?body=1&livereload=1610046384732" for ::1 at 2021-01-07 11:06:24 -0800
Started GET "/assets/application.self-5c22c582cda5a36cf7892dd3db710c91b73a04acc80b345487f39c1324dbc508.css?body=1&livereload=1610046386414" for ::1 at 2021-01-07 11:06:26 -0800
Started GET "/assets/application.self-5c22c582cda5a36cf7892dd3db710c91b73a04acc80b345487f39c1324dbc508.css?body=1&livereload=1610046386416" for ::1 at 2021-01-07 11:06:26 -0800
Started GET "/assets/application.self-5c22c582cda5a36cf7892dd3db710c91b73a04acc80b345487f39c1324dbc508.css?body=1&livereload=1610046387530" for ::1 at 2021-01-07 11:06:27 -0800
Started GET "/assets/application.self-5c22c582cda5a36cf7892dd3db710c91b73a04acc80b345487f39c1324dbc508.css?body=1&livereload=1610046387531" for ::1 at 2021-01-07 11:06:27 -0800
Started GET "/assets/application.self-5c22c582cda5a36cf7892dd3db710c91b73a04acc80b345487f39c1324dbc508.css?body=1&livereload=1610046437417" for ::1 at 2021-01-07 11:07:17 -0800
Started GET "/assets/application.self-5c22c582cda5a36cf7892dd3db710c91b73a04acc80b345487f39c1324dbc508.css?body=1&livereload=1610046437418" for ::1 at 2021-01-07 11:07:17 -0800
Started GET "/assets/application.self-5c22c582cda5a36cf7892dd3db710c91b73a04acc80b345487f39c1324dbc508.css?body=1&livereload=1610046440218" for ::1 at 2021-01-07 11:07:20 -0800
Started GET "/assets/application.self-5c22c582cda5a36cf7892dd3db710c91b73a04acc80b345487f39c1324dbc508.css?body=1&livereload=1610046440219" for ::1 at 2021-01-07 11:07:20 -0800
Started GET "/assets/application.self-5c22c582cda5a36cf7892dd3db710c91b73a04acc80b345487f39c1324dbc508.css?body=1&livereload=1610046441992" for ::1 at 2021-01-07 11:07:21 -0800
Started GET "/assets/application.self-5c22c582cda5a36cf7892dd3db710c91b73a04acc80b345487f39c1324dbc508.css?body=1&livereload=1610046441993" for ::1 at 2021-01-07 11:07:21 -0800
Started GET "/assets/application.self-5c22c582cda5a36cf7892dd3db710c91b73a04acc80b345487f39c1324dbc508.css?body=1&livereload=1610046448137" for ::1 at 2021-01-07 11:07:28 -0800
Started GET "/assets/application.self-5c22c582cda5a36cf7892dd3db710c91b73a04acc80b345487f39c1324dbc508.css?body=1&livereload=1610046448138" for ::1 at 2021-01-07 11:07:28 -0800
Started GET "/assets/application.self-5c22c582cda5a36cf7892dd3db710c91b73a04acc80b345487f39c1324dbc508.css?body=1&livereload=1610046451310" for ::1 at 2021-01-07 11:07:31 -0800
Started GET "/assets/application.self-5c22c582cda5a36cf7892dd3db710c91b73a04acc80b345487f39c1324dbc508.css?body=1&livereload=1610046451311" for ::1 at 2021-01-07 11:07:31 -0800
Started GET "/assets/application.self-5c22c582cda5a36cf7892dd3db710c91b73a04acc80b345487f39c1324dbc508.css?body=1&livereload=1610046455770" for ::1 at 2021-01-07 11:07:35 -0800
Started GET "/assets/application.self-5c22c582cda5a36cf7892dd3db710c91b73a04acc80b345487f39c1324dbc508.css?body=1&livereload=1610046455771" for ::1 at 2021-01-07 11:07:35 -0800
Started GET "/assets/application.self-5c22c582cda5a36cf7892dd3db710c91b73a04acc80b345487f39c1324dbc508.css?body=1&livereload=1610046459970" for ::1 at 2021-01-07 11:07:39 -0800
Started GET "/assets/application.self-5c22c582cda5a36cf7892dd3db710c91b73a04acc80b345487f39c1324dbc508.css?body=1&livereload=1610046459971" for ::1 at 2021-01-07 11:07:39 -0800
Started GET "/assets/application.self-5c22c582cda5a36cf7892dd3db710c91b73a04acc80b345487f39c1324dbc508.css?body=1&livereload=1610046470598" for ::1 at 2021-01-07 11:07:50 -0800
Started GET "/assets/application.self-5c22c582cda5a36cf7892dd3db710c91b73a04acc80b345487f39c1324dbc508.css?body=1&livereload=1610046470599" for ::1 at 2021-01-07 11:07:50 -0800
Started GET "/assets/application.self-5c22c582cda5a36cf7892dd3db710c91b73a04acc80b345487f39c1324dbc508.css?body=1&livereload=1610046472375" for ::1 at 2021-01-07 11:07:52 -0800
Started GET "/assets/application.self-5c22c582cda5a36cf7892dd3db710c91b73a04acc80b345487f39c1324dbc508.css?body=1&livereload=1610046472376" for ::1 at 2021-01-07 11:07:52 -0800
Started GET "/assets/application.self-5c22c582cda5a36cf7892dd3db710c91b73a04acc80b345487f39c1324dbc508.css?body=1&livereload=1610046473870" for ::1 at 2021-01-07 11:07:53 -0800
Started GET "/assets/application.self-5c22c582cda5a36cf7892dd3db710c91b73a04acc80b345487f39c1324dbc508.css?body=1&livereload=1610046473872" for ::1 at 2021-01-07 11:07:53 -0800
Started GET "/assets/application.self-5c22c582cda5a36cf7892dd3db710c91b73a04acc80b345487f39c1324dbc508.css?body=1&livereload=1610046521373" for ::1 at 2021-01-07 11:08:41 -0800
Started GET "/assets/application.self-5c22c582cda5a36cf7892dd3db710c91b73a04acc80b345487f39c1324dbc508.css?body=1&livereload=1610046521374" for ::1 at 2021-01-07 11:08:41 -0800
Started GET "/assets/application.self-5c22c582cda5a36cf7892dd3db710c91b73a04acc80b345487f39c1324dbc508.css?body=1&livereload=1610046524733" for ::1 at 2021-01-07 11:08:44 -0800
Started GET "/assets/application.self-5c22c582cda5a36cf7892dd3db710c91b73a04acc80b345487f39c1324dbc508.css?body=1&livereload=1610046524734" for ::1 at 2021-01-07 11:08:44 -0800
Started GET "/assets/application.self-5c22c582cda5a36cf7892dd3db710c91b73a04acc80b345487f39c1324dbc508.css?body=1&livereload=1610046525854" for ::1 at 2021-01-07 11:08:45 -0800
Started GET "/assets/application.self-5c22c582cda5a36cf7892dd3db710c91b73a04acc80b345487f39c1324dbc508.css?body=1&livereload=1610046525855" for ::1 at 2021-01-07 11:08:45 -0800
Started GET "/assets/application.self-5c22c582cda5a36cf7892dd3db710c91b73a04acc80b345487f39c1324dbc508.css?body=1&livereload=1610046536840" for ::1 at 2021-01-07 11:08:56 -0800
Started GET "/assets/application.self-5c22c582cda5a36cf7892dd3db710c91b73a04acc80b345487f39c1324dbc508.css?body=1&livereload=1610046536841" for ::1 at 2021-01-07 11:08:56 -0800
Started GET "/assets/application.self-5c22c582cda5a36cf7892dd3db710c91b73a04acc80b345487f39c1324dbc508.css?body=1&livereload=1610046540771" for ::1 at 2021-01-07 11:09:00 -0800
Started GET "/assets/application.self-5c22c582cda5a36cf7892dd3db710c91b73a04acc80b345487f39c1324dbc508.css?body=1&livereload=1610046540773" for ::1 at 2021-01-07 11:09:00 -0800
Started GET "/assets/application.self-5c22c582cda5a36cf7892dd3db710c91b73a04acc80b345487f39c1324dbc508.css?body=1&livereload=1610046545908" for ::1 at 2021-01-07 11:09:05 -0800
Started GET "/assets/application.self-5c22c582cda5a36cf7892dd3db710c91b73a04acc80b345487f39c1324dbc508.css?body=1&livereload=1610046545910" for ::1 at 2021-01-07 11:09:05 -0800
Started GET "/assets/application.self-5c22c582cda5a36cf7892dd3db710c91b73a04acc80b345487f39c1324dbc508.css?body=1&livereload=1610046557737" for ::1 at 2021-01-07 11:09:17 -0800
Started GET "/assets/application.self-5c22c582cda5a36cf7892dd3db710c91b73a04acc80b345487f39c1324dbc508.css?body=1&livereload=1610046557738" for ::1 at 2021-01-07 11:09:17 -0800
Started GET "/assets/application.self-5c22c582cda5a36cf7892dd3db710c91b73a04acc80b345487f39c1324dbc508.css?body=1&livereload=1610046559048" for ::1 at 2021-01-07 11:09:19 -0800
Started GET "/assets/application.self-5c22c582cda5a36cf7892dd3db710c91b73a04acc80b345487f39c1324dbc508.css?body=1&livereload=1610046559049" for ::1 at 2021-01-07 11:09:19 -0800
Started GET "/assets/application.self-5c22c582cda5a36cf7892dd3db710c91b73a04acc80b345487f39c1324dbc508.css?body=1&livereload=1610046563052" for ::1 at 2021-01-07 11:09:23 -0800
Started GET "/assets/application.self-5c22c582cda5a36cf7892dd3db710c91b73a04acc80b345487f39c1324dbc508.css?body=1&livereload=1610046563053" for ::1 at 2021-01-07 11:09:23 -0800
Started GET "/assets/application.self-5c22c582cda5a36cf7892dd3db710c91b73a04acc80b345487f39c1324dbc508.css?body=1&livereload=1610046569388" for ::1 at 2021-01-07 11:09:29 -0800
Started GET "/assets/application.self-5c22c582cda5a36cf7892dd3db710c91b73a04acc80b345487f39c1324dbc508.css?body=1&livereload=1610046569390" for ::1 at 2021-01-07 11:09:29 -0800
Started GET "/assets/application.self-5c22c582cda5a36cf7892dd3db710c91b73a04acc80b345487f39c1324dbc508.css?body=1&livereload=1610046570413" for ::1 at 2021-01-07 11:09:30 -0800
Started GET "/assets/application.self-5c22c582cda5a36cf7892dd3db710c91b73a04acc80b345487f39c1324dbc508.css?body=1&livereload=1610046570414" for ::1 at 2021-01-07 11:09:30 -0800
Started GET "/assets/application.self-5c22c582cda5a36cf7892dd3db710c91b73a04acc80b345487f39c1324dbc508.css?body=1&livereload=1610046572382" for ::1 at 2021-01-07 11:09:32 -0800
Started GET "/assets/application.self-5c22c582cda5a36cf7892dd3db710c91b73a04acc80b345487f39c1324dbc508.css?body=1&livereload=1610046572383" for ::1 at 2021-01-07 11:09:32 -0800
Started GET "/assets/application.self-5c22c582cda5a36cf7892dd3db710c91b73a04acc80b345487f39c1324dbc508.css?body=1&livereload=1610046580586" for ::1 at 2021-01-07 11:09:40 -0800
Started GET "/assets/application.self-5c22c582cda5a36cf7892dd3db710c91b73a04acc80b345487f39c1324dbc508.css?body=1&livereload=1610046580587" for ::1 at 2021-01-07 11:09:40 -0800
Started GET "/assets/application.self-5c22c582cda5a36cf7892dd3db710c91b73a04acc80b345487f39c1324dbc508.css?body=1&livereload=1610046583854" for ::1 at 2021-01-07 11:09:43 -0800
Started GET "/assets/application.self-5c22c582cda5a36cf7892dd3db710c91b73a04acc80b345487f39c1324dbc508.css?body=1&livereload=1610046583855" for ::1 at 2021-01-07 11:09:43 -0800
Started GET "/assets/application.self-5c22c582cda5a36cf7892dd3db710c91b73a04acc80b345487f39c1324dbc508.css?body=1&livereload=1610046585253" for ::1 at 2021-01-07 11:09:45 -0800
Started GET "/assets/application.self-5c22c582cda5a36cf7892dd3db710c91b73a04acc80b345487f39c1324dbc508.css?body=1&livereload=1610046585254" for ::1 at 2021-01-07 11:09:45 -0800
Started GET "/assets/application.self-5c22c582cda5a36cf7892dd3db710c91b73a04acc80b345487f39c1324dbc508.css?body=1&livereload=1610046592358" for ::1 at 2021-01-07 11:09:52 -0800
Started GET "/assets/application.self-5c22c582cda5a36cf7892dd3db710c91b73a04acc80b345487f39c1324dbc508.css?body=1&livereload=1610046592359" for ::1 at 2021-01-07 11:09:52 -0800
Started GET "/assets/application.self-5c22c582cda5a36cf7892dd3db710c91b73a04acc80b345487f39c1324dbc508.css?body=1&livereload=1610046596557" for ::1 at 2021-01-07 11:09:56 -0800
Started GET "/assets/application.self-5c22c582cda5a36cf7892dd3db710c91b73a04acc80b345487f39c1324dbc508.css?body=1&livereload=1610046596559" for ::1 at 2021-01-07 11:09:56 -0800
Started GET "/assets/application.self-5c22c582cda5a36cf7892dd3db710c91b73a04acc80b345487f39c1324dbc508.css?body=1&livereload=1610046607173" for ::1 at 2021-01-07 11:10:07 -0800
Started GET "/assets/application.self-5c22c582cda5a36cf7892dd3db710c91b73a04acc80b345487f39c1324dbc508.css?body=1&livereload=1610046607174" for ::1 at 2021-01-07 11:10:07 -0800
Started GET "/assets/application.self-5c22c582cda5a36cf7892dd3db710c91b73a04acc80b345487f39c1324dbc508.css?body=1&livereload=1610046611089" for ::1 at 2021-01-07 11:10:11 -0800
Started GET "/assets/application.self-5c22c582cda5a36cf7892dd3db710c91b73a04acc80b345487f39c1324dbc508.css?body=1&livereload=1610046611090" for ::1 at 2021-01-07 11:10:11 -0800
Started GET "/assets/application.self-5c22c582cda5a36cf7892dd3db710c91b73a04acc80b345487f39c1324dbc508.css?body=1&livereload=1610046615843" for ::1 at 2021-01-07 11:10:15 -0800
Started GET "/assets/application.self-5c22c582cda5a36cf7892dd3db710c91b73a04acc80b345487f39c1324dbc508.css?body=1&livereload=1610046615844" for ::1 at 2021-01-07 11:10:15 -0800
Started GET "/assets/application.self-5c22c582cda5a36cf7892dd3db710c91b73a04acc80b345487f39c1324dbc508.css?body=1&livereload=1610046616875" for ::1 at 2021-01-07 11:10:16 -0800
Started GET "/assets/application.self-5c22c582cda5a36cf7892dd3db710c91b73a04acc80b345487f39c1324dbc508.css?body=1&livereload=1610046616876" for ::1 at 2021-01-07 11:10:16 -0800
Started GET "/assets/application.self-5c22c582cda5a36cf7892dd3db710c91b73a04acc80b345487f39c1324dbc508.css?body=1&livereload=1610046642029" for ::1 at 2021-01-07 11:10:42 -0800
Started GET "/assets/application.self-5c22c582cda5a36cf7892dd3db710c91b73a04acc80b345487f39c1324dbc508.css?body=1&livereload=1610046642030" for ::1 at 2021-01-07 11:10:42 -0800
Started GET "/assets/application.self-5c22c582cda5a36cf7892dd3db710c91b73a04acc80b345487f39c1324dbc508.css?body=1&livereload=1610046643710" for ::1 at 2021-01-07 11:10:43 -0800
Started GET "/assets/application.self-5c22c582cda5a36cf7892dd3db710c91b73a04acc80b345487f39c1324dbc508.css?body=1&livereload=1610046643711" for ::1 at 2021-01-07 11:10:43 -0800
Started GET "/assets/application.self-5c22c582cda5a36cf7892dd3db710c91b73a04acc80b345487f39c1324dbc508.css?body=1&livereload=1610046650152" for ::1 at 2021-01-07 11:10:50 -0800
Started GET "/assets/application.self-5c22c582cda5a36cf7892dd3db710c91b73a04acc80b345487f39c1324dbc508.css?body=1&livereload=1610046650153" for ::1 at 2021-01-07 11:10:50 -0800
Started GET "/assets/application.self-5c22c582cda5a36cf7892dd3db710c91b73a04acc80b345487f39c1324dbc508.css?body=1&livereload=1610046827928" for ::1 at 2021-01-07 11:13:47 -0800
Started GET "/assets/application.self-5c22c582cda5a36cf7892dd3db710c91b73a04acc80b345487f39c1324dbc508.css?body=1&livereload=1610046827929" for ::1 at 2021-01-07 11:13:47 -0800
Started GET "/assets/application.self-5c22c582cda5a36cf7892dd3db710c91b73a04acc80b345487f39c1324dbc508.css?body=1&livereload=1610046846478" for ::1 at 2021-01-07 11:14:06 -0800
Started GET "/assets/application.self-5c22c582cda5a36cf7892dd3db710c91b73a04acc80b345487f39c1324dbc508.css?body=1&livereload=1610046846479" for ::1 at 2021-01-07 11:14:06 -0800
