  [1m[35m (145.1ms)[0m  [1m[35mCREATE DATABASE "reddit_clone_development" ENCODING = 'unicode'[0m
  ↳ bin/rails:9
  [1m[35m (92.3ms)[0m  [1m[35mCREATE DATABASE "reddit_clone_test" ENCODING = 'unicode'[0m
  ↳ bin/rails:9
  [1m[35m (9.0ms)[0m  [1m[35mCREATE TABLE "schema_migrations" ("version" character varying NOT NULL PRIMARY KEY)[0m
  ↳ bin/rails:9
  [1m[35m (3.1ms)[0m  [1m[35mCREATE TABLE "ar_internal_metadata" ("key" character varying NOT NULL PRIMARY KEY, "value" character varying, "created_at" timestamp NOT NULL, "updated_at" timestamp NOT NULL)[0m
  ↳ bin/rails:9
  [1m[35m (0.2ms)[0m  [1m[34mSELECT pg_try_advisory_lock(688274183373989625)[0m
  ↳ bin/rails:9
  [1m[35m (0.5ms)[0m  [1m[34mSELECT "schema_migrations"."version" FROM "schema_migrations" ORDER BY "schema_migrations"."version" ASC[0m
  ↳ bin/rails:9
Migrating to CreateUsers (20210111171238)
  [1m[35m (0.1ms)[0m  [1m[35mBEGIN[0m
  ↳ bin/rails:9
  [1m[35m (5.7ms)[0m  [1m[35mCREATE TABLE "users" ("id" bigserial primary key, "username" character varying NOT NULL, "session_token" character varying NOT NULL, "password_digest" character varying NOT NULL, "created_at" timestamp NOT NULL, "updated_at" timestamp NOT NULL)[0m
  ↳ db/migrate/20210111171238_create_users.rb:3
  [1m[36mActiveRecord::SchemaMigration Create (0.5ms)[0m  [1m[32mINSERT INTO "schema_migrations" ("version") VALUES ($1) RETURNING "version"[0m  [["version", "20210111171238"]]
  ↳ bin/rails:9
  [1m[35m (0.3ms)[0m  [1m[35mCOMMIT[0m
  ↳ bin/rails:9
  [1m[36mActiveRecord::InternalMetadata Load (0.3ms)[0m  [1m[34mSELECT  "ar_internal_metadata".* FROM "ar_internal_metadata" WHERE "ar_internal_metadata"."key" = $1 LIMIT $2[0m  [["key", "environment"], ["LIMIT", 1]]
  ↳ bin/rails:9
  [1m[35m (0.9ms)[0m  [1m[35mBEGIN[0m
  ↳ bin/rails:9
  [1m[36mActiveRecord::InternalMetadata Create (0.5ms)[0m  [1m[32mINSERT INTO "ar_internal_metadata" ("key", "value", "created_at", "updated_at") VALUES ($1, $2, $3, $4) RETURNING "key"[0m  [["key", "environment"], ["value", "development"], ["created_at", "2021-01-11 17:14:26.540666"], ["updated_at", "2021-01-11 17:14:26.540666"]]
  ↳ bin/rails:9
  [1m[35m (0.2ms)[0m  [1m[35mCOMMIT[0m
  ↳ bin/rails:9
  [1m[35m (0.2ms)[0m  [1m[34mSELECT pg_advisory_unlock(688274183373989625)[0m
  ↳ bin/rails:9
  [1m[35m (0.9ms)[0m  [1m[34mSELECT "schema_migrations"."version" FROM "schema_migrations" ORDER BY "schema_migrations"."version" ASC[0m
  ↳ bin/rails:9
Started GET "/" for ::1 at 2021-01-11 10:00:06 -0800
  [1m[35m (0.8ms)[0m  [1m[34mSELECT "schema_migrations"."version" FROM "schema_migrations" ORDER BY "schema_migrations"."version" ASC[0m
  ↳ /Users/sediqa/.rbenv/versions/2.5.1/lib/ruby/gems/2.5.0/gems/activerecord-5.2.4.4/lib/active_record/log_subscriber.rb:98
Processing by Rails::WelcomeController#index as HTML
  Rendering /Users/sediqa/.rbenv/versions/2.5.1/lib/ruby/gems/2.5.0/gems/railties-5.2.4.4/lib/rails/templates/rails/welcome/index.html.erb
  Rendered /Users/sediqa/.rbenv/versions/2.5.1/lib/ruby/gems/2.5.0/gems/railties-5.2.4.4/lib/rails/templates/rails/welcome/index.html.erb (6.3ms)
Completed 200 OK in 40ms (Views: 23.8ms | ActiveRecord: 0.0ms)


Started GET "/users/new" for ::1 at 2021-01-11 10:00:17 -0800
Processing by UsersController#new as HTML
  Rendering users/new.html.erb within layouts/application
  Rendered users/new.html.erb within layouts/application (2.2ms)
Completed 500 Internal Server Error in 76ms (ActiveRecord: 23.1ms)



SyntaxError - syntax error, unexpected keyword_ensure, expecting keyword_end
          ensure
          ^~~~~~
/Users/sediqa/Desktop/AAClasswork/W8D1/reddit_clone/app/views/layouts/application.html.erb:27: syntax error, unexpected end-of-input, expecting keyword_end
          end
             ^:
  app/views/layouts/application.html.erb:25:in `'
  app/controllers/users_controller.rb:7:in `new'

Started POST "/__better_errors/be44246e281e39e9/variables" for ::1 at 2021-01-11 10:00:17 -0800
Started GET "/users/new" for ::1 at 2021-01-11 10:00:48 -0800
Processing by UsersController#new as HTML
  Rendering users/new.html.erb within layouts/application
  Rendered users/new.html.erb within layouts/application (0.9ms)
  [1m[36mUser Load (0.7ms)[0m  [1m[34mSELECT  "users".* FROM "users" WHERE "users"."session_token" IS NULL LIMIT $1[0m  [["LIMIT", 1]]
  ↳ app/controllers/application_controller.rb:11
Completed 200 OK in 759ms (Views: 756.8ms | ActiveRecord: 1.1ms)


Started POST "/users" for ::1 at 2021-01-11 10:01:01 -0800
Processing by UsersController#create as HTML
  Parameters: {"authenticity_token"=>"1HQ3QN2ZprSPgJHOwqXU0dMGST9WSH1Orcd+p7YRmNSGdWV4KK9s1YfHw5zCyLPgQr1zdiSRjE/lshsdyIhgFQ==", "user"=>{"username"=>"Alex", "password"=>"[FILTERED]"}}
  [1m[35m (3.1ms)[0m  [1m[35mBEGIN[0m
  ↳ app/controllers/users_controller.rb:15
  [1m[36mUser Exists (1.0ms)[0m  [1m[34mSELECT  1 AS one FROM "users" WHERE "users"."username" = $1 LIMIT $2[0m  [["username", "Alex"], ["LIMIT", 1]]
  ↳ app/controllers/users_controller.rb:15
  [1m[36mUser Exists (0.4ms)[0m  [1m[34mSELECT  1 AS one FROM "users" WHERE "users"."session_token" = $1 LIMIT $2[0m  [["session_token", "73tR4pFxT1qCHVtEf4qk8Q=="], ["LIMIT", 1]]
  ↳ app/controllers/users_controller.rb:15
  [1m[36mUser Create (13.0ms)[0m  [1m[32mINSERT INTO "users" ("username", "session_token", "password_digest", "created_at", "updated_at") VALUES ($1, $2, $3, $4, $5) RETURNING "id"[0m  [["username", "Alex"], ["session_token", "73tR4pFxT1qCHVtEf4qk8Q=="], ["password_digest", "$2a$12$da4PK/2Gey9JlPG1XSpwAuf3QFDKPOYirLV7XifIBrFcUhuRNTfjm"], ["created_at", "2021-01-11 18:01:01.426955"], ["updated_at", "2021-01-11 18:01:01.426955"]]
  ↳ app/controllers/users_controller.rb:15
  [1m[35m (8.6ms)[0m  [1m[35mCOMMIT[0m
  ↳ app/controllers/users_controller.rb:15
  [1m[35m (0.5ms)[0m  [1m[35mBEGIN[0m
  ↳ app/models/user.rb:26
  [1m[36mUser Exists (0.8ms)[0m  [1m[34mSELECT  1 AS one FROM "users" WHERE "users"."username" = $1 AND "users"."id" != $2 LIMIT $3[0m  [["username", "Alex"], ["id", 1], ["LIMIT", 1]]
  ↳ app/models/user.rb:26
  [1m[36mUser Exists (0.6ms)[0m  [1m[34mSELECT  1 AS one FROM "users" WHERE "users"."session_token" = $1 AND "users"."id" != $2 LIMIT $3[0m  [["session_token", "DBR6aD3yECBlnqHwIs9HUQ=="], ["id", 1], ["LIMIT", 1]]
  ↳ app/models/user.rb:26
  [1m[36mUser Update (1.5ms)[0m  [1m[33mUPDATE "users" SET "session_token" = $1, "updated_at" = $2 WHERE "users"."id" = $3[0m  [["session_token", "DBR6aD3yECBlnqHwIs9HUQ=="], ["updated_at", "2021-01-11 18:01:01.459731"], ["id", 1]]
  ↳ app/models/user.rb:26
  [1m[35m (23.7ms)[0m  [1m[35mCOMMIT[0m
  ↳ app/models/user.rb:26
Redirected to http://localhost:3000/users/1
Completed 302 Found in 383ms (ActiveRecord: 53.2ms)


Started GET "/users/1" for ::1 at 2021-01-11 10:01:01 -0800
Processing by UsersController#show as HTML
  Parameters: {"id"=>"1"}
  [1m[36mUser Load (0.4ms)[0m  [1m[34mSELECT  "users".* FROM "users" WHERE "users"."session_token" = $1 LIMIT $2[0m  [["session_token", "DBR6aD3yECBlnqHwIs9HUQ=="], ["LIMIT", 1]]
  ↳ app/controllers/application_controller.rb:11
  [1m[36mUser Load (0.4ms)[0m  [1m[34mSELECT  "users".* FROM "users" WHERE "users"."id" = $1 LIMIT $2[0m  [["id", 1], ["LIMIT", 1]]
  ↳ app/controllers/users_controller.rb:25
  Rendering users/show.html.erb within layouts/application
  Rendered users/show.html.erb within layouts/application (0.3ms)
Completed 200 OK in 49ms (Views: 40.1ms | ActiveRecord: 0.8ms)


Started DELETE "/session" for ::1 at 2021-01-11 10:01:07 -0800
Processing by SessionsController#destroy as HTML
  Parameters: {"authenticity_token"=>"dd5TWUeSowcdPNXjbFFH2QcMIOgFjvWNjlwaQbUF91En3wFhsqRpZhV7h7FsPCDolrcaoXdXBIzGKX/7y5wPkA=="}
  [1m[36mUser Load (0.3ms)[0m  [1m[34mSELECT  "users".* FROM "users" WHERE "users"."session_token" = $1 LIMIT $2[0m  [["session_token", "DBR6aD3yECBlnqHwIs9HUQ=="], ["LIMIT", 1]]
  ↳ app/controllers/application_controller.rb:11
  [1m[35m (0.1ms)[0m  [1m[35mBEGIN[0m
  ↳ app/models/user.rb:26
  [1m[36mUser Exists (0.2ms)[0m  [1m[34mSELECT  1 AS one FROM "users" WHERE "users"."username" = $1 AND "users"."id" != $2 LIMIT $3[0m  [["username", "Alex"], ["id", 1], ["LIMIT", 1]]
  ↳ app/models/user.rb:26
  [1m[36mUser Exists (0.2ms)[0m  [1m[34mSELECT  1 AS one FROM "users" WHERE "users"."session_token" = $1 AND "users"."id" != $2 LIMIT $3[0m  [["session_token", "wpCFvJiZLQ+ty4zIOkrFHw=="], ["id", 1], ["LIMIT", 1]]
  ↳ app/models/user.rb:26
  [1m[36mUser Update (0.6ms)[0m  [1m[33mUPDATE "users" SET "session_token" = $1, "updated_at" = $2 WHERE "users"."id" = $3[0m  [["session_token", "wpCFvJiZLQ+ty4zIOkrFHw=="], ["updated_at", "2021-01-11 18:01:07.447819"], ["id", 1]]
  ↳ app/models/user.rb:26
  [1m[35m (2.7ms)[0m  [1m[35mCOMMIT[0m
  ↳ app/models/user.rb:26
Redirected to http://localhost:3000/session/new
Completed 302 Found in 10ms (ActiveRecord: 4.2ms)


Started GET "/session/new" for ::1 at 2021-01-11 10:01:07 -0800
Processing by SessionsController#new as HTML
Completed 500 Internal Server Error in 12ms (ActiveRecord: 0.0ms)



ActionView::MissingTemplate - Missing template sessions/new, application/new with {:locale=>[:en], :formats=>[:html], :variants=>[], :handlers=>[:raw, :erb, :html, :builder, :ruby, :coffee, :jbuilder]}. Searched in:
  * "/Users/sediqa/Desktop/AAClasswork/W8D1/reddit_clone/app/views":
  app/controllers/sessions_controller.rb:4:in `new'

Started POST "/__better_errors/b1adc7f691db7f6f/variables" for ::1 at 2021-01-11 10:01:07 -0800
Started GET "/session/new" for ::1 at 2021-01-11 10:04:09 -0800
Processing by SessionsController#new as HTML
  Rendering sessions/new.html.erb within layouts/application
  Rendered sessions/new.html.erb within layouts/application (2.1ms)
  [1m[36mUser Load (1.1ms)[0m  [1m[34mSELECT  "users".* FROM "users" WHERE "users"."session_token" IS NULL LIMIT $1[0m  [["LIMIT", 1]]
  ↳ app/controllers/application_controller.rb:11
Completed 200 OK in 58ms (Views: 55.5ms | ActiveRecord: 1.1ms)


Started POST "/session" for ::1 at 2021-01-11 10:04:18 -0800
Processing by SessionsController#create as HTML
  Parameters: {"authenticity_token"=>"i2uf1Jpl3yYqPWjSzJju1XTa+abnXHaWmN1zS07aOF/Zas3sb1MVRyJ6OoDM9Ynk5WHD75WFh5fQqBbxMEPAng==", "user"=>{"username"=>"Alex", "password"=>"[FILTERED]"}}
  [1m[36mUser Load (0.3ms)[0m  [1m[34mSELECT  "users".* FROM "users" WHERE "users"."username" = $1 LIMIT $2[0m  [["username", "Alex"], ["LIMIT", 1]]
  ↳ app/models/user.rb:10
  [1m[35m (0.2ms)[0m  [1m[35mBEGIN[0m
  ↳ app/models/user.rb:26
  [1m[36mUser Exists (0.4ms)[0m  [1m[34mSELECT  1 AS one FROM "users" WHERE "users"."username" = $1 AND "users"."id" != $2 LIMIT $3[0m  [["username", "Alex"], ["id", 1], ["LIMIT", 1]]
  ↳ app/models/user.rb:26
  [1m[36mUser Exists (0.3ms)[0m  [1m[34mSELECT  1 AS one FROM "users" WHERE "users"."session_token" = $1 AND "users"."id" != $2 LIMIT $3[0m  [["session_token", "9OtWOAGldOQgvKUrxIKQxQ=="], ["id", 1], ["LIMIT", 1]]
  ↳ app/models/user.rb:26
  [1m[36mUser Update (0.3ms)[0m  [1m[33mUPDATE "users" SET "session_token" = $1, "updated_at" = $2 WHERE "users"."id" = $3[0m  [["session_token", "9OtWOAGldOQgvKUrxIKQxQ=="], ["updated_at", "2021-01-11 18:04:18.899587"], ["id", 1]]
  ↳ app/models/user.rb:26
  [1m[35m (2.1ms)[0m  [1m[35mCOMMIT[0m
  ↳ app/models/user.rb:26
No template found for SessionsController#create, rendering head :no_content
Completed 204 No Content in 483ms (ActiveRecord: 3.6ms)


Started POST "/session" for ::1 at 2021-01-11 10:04:22 -0800
Processing by SessionsController#create as HTML
  Parameters: {"authenticity_token"=>"i2uf1Jpl3yYqPWjSzJju1XTa+abnXHaWmN1zS07aOF/Zas3sb1MVRyJ6OoDM9Ynk5WHD75WFh5fQqBbxMEPAng==", "user"=>{"username"=>"Alex", "password"=>"[FILTERED]"}}
  [1m[36mUser Load (0.3ms)[0m  [1m[34mSELECT  "users".* FROM "users" WHERE "users"."username" = $1 LIMIT $2[0m  [["username", "Alex"], ["LIMIT", 1]]
  ↳ app/models/user.rb:10
  [1m[35m (0.3ms)[0m  [1m[35mBEGIN[0m
  ↳ app/models/user.rb:26
  [1m[36mUser Exists (1.4ms)[0m  [1m[34mSELECT  1 AS one FROM "users" WHERE "users"."username" = $1 AND "users"."id" != $2 LIMIT $3[0m  [["username", "Alex"], ["id", 1], ["LIMIT", 1]]
  ↳ app/models/user.rb:26
  [1m[36mUser Exists (0.5ms)[0m  [1m[34mSELECT  1 AS one FROM "users" WHERE "users"."session_token" = $1 AND "users"."id" != $2 LIMIT $3[0m  [["session_token", "ti9U3B409GP46kASdyILsg=="], ["id", 1], ["LIMIT", 1]]
  ↳ app/models/user.rb:26
  [1m[36mUser Update (0.4ms)[0m  [1m[33mUPDATE "users" SET "session_token" = $1, "updated_at" = $2 WHERE "users"."id" = $3[0m  [["session_token", "ti9U3B409GP46kASdyILsg=="], ["updated_at", "2021-01-11 18:04:23.245325"], ["id", 1]]
  ↳ app/models/user.rb:26
  [1m[35m (2.5ms)[0m  [1m[35mCOMMIT[0m
  ↳ app/models/user.rb:26
No template found for SessionsController#create, rendering head :no_content
Completed 204 No Content in 482ms (ActiveRecord: 5.3ms)


Started GET "/users/new" for ::1 at 2021-01-11 10:04:43 -0800
Processing by UsersController#new as HTML
  Rendering users/new.html.erb within layouts/application
  Rendered users/new.html.erb within layouts/application (0.7ms)
  [1m[36mUser Load (0.6ms)[0m  [1m[34mSELECT  "users".* FROM "users" WHERE "users"."session_token" = $1 LIMIT $2[0m  [["session_token", "ti9U3B409GP46kASdyILsg=="], ["LIMIT", 1]]
  ↳ app/controllers/application_controller.rb:11
Completed 200 OK in 51ms (Views: 48.9ms | ActiveRecord: 0.6ms)


Started DELETE "/session" for ::1 at 2021-01-11 10:04:47 -0800
Processing by SessionsController#destroy as HTML
  Parameters: {"authenticity_token"=>"meWk90skvGHEGi8s0Ejw/CN0o80fkL+tnGIzVa+ebGnL5PbPvhJ2AMxdfX7QJZfNss+ZhG1JTqzUF1bv0QeUqA=="}
  [1m[36mUser Load (0.3ms)[0m  [1m[34mSELECT  "users".* FROM "users" WHERE "users"."session_token" = $1 LIMIT $2[0m  [["session_token", "ti9U3B409GP46kASdyILsg=="], ["LIMIT", 1]]
  ↳ app/controllers/application_controller.rb:11
  [1m[35m (0.1ms)[0m  [1m[35mBEGIN[0m
  ↳ app/models/user.rb:26
  [1m[36mUser Exists (0.4ms)[0m  [1m[34mSELECT  1 AS one FROM "users" WHERE "users"."username" = $1 AND "users"."id" != $2 LIMIT $3[0m  [["username", "Alex"], ["id", 1], ["LIMIT", 1]]
  ↳ app/models/user.rb:26
  [1m[36mUser Exists (0.3ms)[0m  [1m[34mSELECT  1 AS one FROM "users" WHERE "users"."session_token" = $1 AND "users"."id" != $2 LIMIT $3[0m  [["session_token", "8PHFWQJJMop/aetpAr2bdw=="], ["id", 1], ["LIMIT", 1]]
  ↳ app/models/user.rb:26
  [1m[36mUser Update (0.3ms)[0m  [1m[33mUPDATE "users" SET "session_token" = $1, "updated_at" = $2 WHERE "users"."id" = $3[0m  [["session_token", "8PHFWQJJMop/aetpAr2bdw=="], ["updated_at", "2021-01-11 18:04:47.402287"], ["id", 1]]
  ↳ app/models/user.rb:26
  [1m[35m (2.1ms)[0m  [1m[35mCOMMIT[0m
  ↳ app/models/user.rb:26
Redirected to http://localhost:3000/session/new
Completed 302 Found in 13ms (ActiveRecord: 3.5ms)


Started GET "/session/new" for ::1 at 2021-01-11 10:04:47 -0800
Processing by SessionsController#new as HTML
  Rendering sessions/new.html.erb within layouts/application
  Rendered sessions/new.html.erb within layouts/application (0.8ms)
  [1m[36mUser Load (0.4ms)[0m  [1m[34mSELECT  "users".* FROM "users" WHERE "users"."session_token" IS NULL LIMIT $1[0m  [["LIMIT", 1]]
  ↳ app/controllers/application_controller.rb:11
Completed 200 OK in 82ms (Views: 80.3ms | ActiveRecord: 0.4ms)


Started GET "/users/new" for ::1 at 2021-01-11 10:04:56 -0800
Processing by UsersController#new as HTML
  Rendering users/new.html.erb within layouts/application
  Rendered users/new.html.erb within layouts/application (0.9ms)
  [1m[36mUser Load (1.8ms)[0m  [1m[34mSELECT  "users".* FROM "users" WHERE "users"."session_token" IS NULL LIMIT $1[0m  [["LIMIT", 1]]
  ↳ app/controllers/application_controller.rb:11
Completed 200 OK in 65ms (Views: 62.5ms | ActiveRecord: 1.8ms)


Started POST "/users" for ::1 at 2021-01-11 10:05:10 -0800
Processing by UsersController#create as HTML
  Parameters: {"authenticity_token"=>"wuZLTctPuWWORjNStw/HNWclZRE3X1l0tYVuIeNyHg6Q5xl1PnlzBIYBYQC3YqAE9p5fWEWGqHX98Aubnevmzw==", "user"=>{"username"=>"Angella", "password"=>"[FILTERED]"}}
  [1m[35m (0.2ms)[0m  [1m[35mBEGIN[0m
  ↳ app/controllers/users_controller.rb:15
  [1m[36mUser Exists (17.5ms)[0m  [1m[34mSELECT  1 AS one FROM "users" WHERE "users"."username" = $1 LIMIT $2[0m  [["username", "Angella"], ["LIMIT", 1]]
  ↳ app/controllers/users_controller.rb:15
  [1m[36mUser Exists (4.3ms)[0m  [1m[34mSELECT  1 AS one FROM "users" WHERE "users"."session_token" = $1 LIMIT $2[0m  [["session_token", "UYawFyQ6KFLRE2zhHhL0Cw=="], ["LIMIT", 1]]
  ↳ app/controllers/users_controller.rb:15
  [1m[36mUser Create (3.0ms)[0m  [1m[32mINSERT INTO "users" ("username", "session_token", "password_digest", "created_at", "updated_at") VALUES ($1, $2, $3, $4, $5) RETURNING "id"[0m  [["username", "Angella"], ["session_token", "UYawFyQ6KFLRE2zhHhL0Cw=="], ["password_digest", "$2a$12$YlXlS5CTqE5UrZc.RnHqu.8YG6DRmobKZ8XoDjgnyOLddXE.QYftO"], ["created_at", "2021-01-11 18:05:10.527200"], ["updated_at", "2021-01-11 18:05:10.527200"]]
  ↳ app/controllers/users_controller.rb:15
  [1m[35m (1.9ms)[0m  [1m[35mCOMMIT[0m
  ↳ app/controllers/users_controller.rb:15
  [1m[35m (0.1ms)[0m  [1m[35mBEGIN[0m
  ↳ app/models/user.rb:26
  [1m[36mUser Exists (2.5ms)[0m  [1m[34mSELECT  1 AS one FROM "users" WHERE "users"."username" = $1 AND "users"."id" != $2 LIMIT $3[0m  [["username", "Angella"], ["id", 2], ["LIMIT", 1]]
  ↳ app/models/user.rb:26
  [1m[36mUser Exists (2.2ms)[0m  [1m[34mSELECT  1 AS one FROM "users" WHERE "users"."session_token" = $1 AND "users"."id" != $2 LIMIT $3[0m  [["session_token", "FGCTBLEK0cHXbgXO+ll5Ww=="], ["id", 2], ["LIMIT", 1]]
  ↳ app/models/user.rb:26
  [1m[36mUser Update (1.0ms)[0m  [1m[33mUPDATE "users" SET "session_token" = $1, "updated_at" = $2 WHERE "users"."id" = $3[0m  [["session_token", "FGCTBLEK0cHXbgXO+ll5Ww=="], ["updated_at", "2021-01-11 18:05:10.543334"], ["id", 2]]
  ↳ app/models/user.rb:26
  [1m[35m (1.8ms)[0m  [1m[35mCOMMIT[0m
  ↳ app/models/user.rb:26
Redirected to http://localhost:3000/users/2
Completed 302 Found in 320ms (ActiveRecord: 34.7ms)


Started GET "/users/2" for ::1 at 2021-01-11 10:05:10 -0800
Processing by UsersController#show as HTML
  Parameters: {"id"=>"2"}
  [1m[36mUser Load (0.8ms)[0m  [1m[34mSELECT  "users".* FROM "users" WHERE "users"."session_token" = $1 LIMIT $2[0m  [["session_token", "FGCTBLEK0cHXbgXO+ll5Ww=="], ["LIMIT", 1]]
  ↳ app/controllers/application_controller.rb:11
  [1m[36mUser Load (0.4ms)[0m  [1m[34mSELECT  "users".* FROM "users" WHERE "users"."id" = $1 LIMIT $2[0m  [["id", 2], ["LIMIT", 1]]
  ↳ app/controllers/users_controller.rb:25
  Rendering users/show.html.erb within layouts/application
  Rendered users/show.html.erb within layouts/application (0.8ms)
Completed 200 OK in 65ms (Views: 58.3ms | ActiveRecord: 1.2ms)


Started DELETE "/session" for ::1 at 2021-01-11 10:05:13 -0800
Processing by SessionsController#destroy as HTML
  Parameters: {"authenticity_token"=>"tD3CSjPSyLOgu1M6ruJCCI87mhmjmWGM5dugXxpqwpPmPJByxuQC0qj8AWiujyU5HoCgUNFAkI2trsXlZPM6Ug=="}
  [1m[36mUser Load (0.3ms)[0m  [1m[34mSELECT  "users".* FROM "users" WHERE "users"."session_token" = $1 LIMIT $2[0m  [["session_token", "FGCTBLEK0cHXbgXO+ll5Ww=="], ["LIMIT", 1]]
  ↳ app/controllers/application_controller.rb:11
  [1m[35m (0.1ms)[0m  [1m[35mBEGIN[0m
  ↳ app/models/user.rb:26
  [1m[36mUser Exists (0.2ms)[0m  [1m[34mSELECT  1 AS one FROM "users" WHERE "users"."username" = $1 AND "users"."id" != $2 LIMIT $3[0m  [["username", "Angella"], ["id", 2], ["LIMIT", 1]]
  ↳ app/models/user.rb:26
  [1m[36mUser Exists (0.2ms)[0m  [1m[34mSELECT  1 AS one FROM "users" WHERE "users"."session_token" = $1 AND "users"."id" != $2 LIMIT $3[0m  [["session_token", "ecG7lZHiGTMQLDO3P2u/4A=="], ["id", 2], ["LIMIT", 1]]
  ↳ app/models/user.rb:26
  [1m[36mUser Update (0.3ms)[0m  [1m[33mUPDATE "users" SET "session_token" = $1, "updated_at" = $2 WHERE "users"."id" = $3[0m  [["session_token", "ecG7lZHiGTMQLDO3P2u/4A=="], ["updated_at", "2021-01-11 18:05:13.640321"], ["id", 2]]
  ↳ app/models/user.rb:26
  [1m[35m (2.3ms)[0m  [1m[35mCOMMIT[0m
  ↳ app/models/user.rb:26
Redirected to http://localhost:3000/session/new
Completed 302 Found in 15ms (ActiveRecord: 3.5ms)


Started GET "/session/new" for ::1 at 2021-01-11 10:05:13 -0800
Processing by SessionsController#new as HTML
  Rendering sessions/new.html.erb within layouts/application
  Rendered sessions/new.html.erb within layouts/application (0.8ms)
  [1m[36mUser Load (0.4ms)[0m  [1m[34mSELECT  "users".* FROM "users" WHERE "users"."session_token" IS NULL LIMIT $1[0m  [["LIMIT", 1]]
  ↳ app/controllers/application_controller.rb:11
Completed 200 OK in 84ms (Views: 82.1ms | ActiveRecord: 0.4ms)


Started POST "/session" for ::1 at 2021-01-11 10:05:23 -0800
Processing by SessionsController#create as HTML
  Parameters: {"authenticity_token"=>"Eu4NKDFJDvxX490rK6dUybkTNPrqY0I7E2/pvQ1WvzNA718QxH/EnV+kj3kryjP4KKgOs5i6szpbGowHc89H8g==", "user"=>{"username"=>"Angella", "password"=>"[FILTERED]"}}
  [1m[36mUser Load (0.8ms)[0m  [1m[34mSELECT  "users".* FROM "users" WHERE "users"."username" = $1 LIMIT $2[0m  [["username", "Angella"], ["LIMIT", 1]]
  ↳ app/models/user.rb:10
  [1m[35m (0.4ms)[0m  [1m[35mBEGIN[0m
  ↳ app/models/user.rb:26
  [1m[36mUser Exists (0.4ms)[0m  [1m[34mSELECT  1 AS one FROM "users" WHERE "users"."username" = $1 AND "users"."id" != $2 LIMIT $3[0m  [["username", "Angella"], ["id", 2], ["LIMIT", 1]]
  ↳ app/models/user.rb:26
  [1m[36mUser Exists (0.3ms)[0m  [1m[34mSELECT  1 AS one FROM "users" WHERE "users"."session_token" = $1 AND "users"."id" != $2 LIMIT $3[0m  [["session_token", "3hj/PcSxX2DkwnMIbAv35Q=="], ["id", 2], ["LIMIT", 1]]
  ↳ app/models/user.rb:26
  [1m[36mUser Update (0.5ms)[0m  [1m[33mUPDATE "users" SET "session_token" = $1, "updated_at" = $2 WHERE "users"."id" = $3[0m  [["session_token", "3hj/PcSxX2DkwnMIbAv35Q=="], ["updated_at", "2021-01-11 18:05:24.169330"], ["id", 2]]
  ↳ app/models/user.rb:26
  [1m[35m (2.1ms)[0m  [1m[35mCOMMIT[0m
  ↳ app/models/user.rb:26
No template found for SessionsController#create, rendering head :no_content
Completed 204 No Content in 492ms (ActiveRecord: 4.6ms)


Started POST "/session" for ::1 at 2021-01-11 10:05:28 -0800
Processing by SessionsController#create as HTML
  Parameters: {"authenticity_token"=>"Eu4NKDFJDvxX490rK6dUybkTNPrqY0I7E2/pvQ1WvzNA718QxH/EnV+kj3kryjP4KKgOs5i6szpbGowHc89H8g==", "user"=>{"username"=>"Angella", "password"=>"[FILTERED]"}}
  [1m[36mUser Load (0.3ms)[0m  [1m[34mSELECT  "users".* FROM "users" WHERE "users"."username" = $1 LIMIT $2[0m  [["username", "Angella"], ["LIMIT", 1]]
  ↳ app/models/user.rb:10
  [1m[35m (0.2ms)[0m  [1m[35mBEGIN[0m
  ↳ app/models/user.rb:26
  [1m[36mUser Exists (2.1ms)[0m  [1m[34mSELECT  1 AS one FROM "users" WHERE "users"."username" = $1 AND "users"."id" != $2 LIMIT $3[0m  [["username", "Angella"], ["id", 2], ["LIMIT", 1]]
  ↳ app/models/user.rb:26
  [1m[36mUser Exists (0.7ms)[0m  [1m[34mSELECT  1 AS one FROM "users" WHERE "users"."session_token" = $1 AND "users"."id" != $2 LIMIT $3[0m  [["session_token", "U3GjMiZYy6R9aCIWl3P1Bg=="], ["id", 2], ["LIMIT", 1]]
  ↳ app/models/user.rb:26
  [1m[36mUser Update (1.0ms)[0m  [1m[33mUPDATE "users" SET "session_token" = $1, "updated_at" = $2 WHERE "users"."id" = $3[0m  [["session_token", "U3GjMiZYy6R9aCIWl3P1Bg=="], ["updated_at", "2021-01-11 18:05:28.812572"], ["id", 2]]
  ↳ app/models/user.rb:26
  [1m[35m (2.0ms)[0m  [1m[35mCOMMIT[0m
  ↳ app/models/user.rb:26
No template found for SessionsController#create, rendering head :no_content
Completed 204 No Content in 493ms (ActiveRecord: 6.3ms)


Started POST "/session" for ::1 at 2021-01-11 10:06:41 -0800
Processing by SessionsController#create as HTML
  Parameters: {"authenticity_token"=>"Eu4NKDFJDvxX490rK6dUybkTNPrqY0I7E2/pvQ1WvzNA718QxH/EnV+kj3kryjP4KKgOs5i6szpbGowHc89H8g==", "user"=>{"username"=>"Angella", "password"=>"[FILTERED]"}}
  [1m[36mUser Load (0.4ms)[0m  [1m[34mSELECT  "users".* FROM "users" WHERE "users"."username" = $1 LIMIT $2[0m  [["username", "Angella"], ["LIMIT", 1]]
  ↳ app/models/user.rb:10
  [1m[35m (0.2ms)[0m  [1m[35mBEGIN[0m
  ↳ app/models/user.rb:26
  [1m[36mUser Exists (0.4ms)[0m  [1m[34mSELECT  1 AS one FROM "users" WHERE "users"."username" = $1 AND "users"."id" != $2 LIMIT $3[0m  [["username", "Angella"], ["id", 2], ["LIMIT", 1]]
  ↳ app/models/user.rb:26
  [1m[36mUser Exists (0.4ms)[0m  [1m[34mSELECT  1 AS one FROM "users" WHERE "users"."session_token" = $1 AND "users"."id" != $2 LIMIT $3[0m  [["session_token", "u7uJJbrpeOdFPSCRTHlMcA=="], ["id", 2], ["LIMIT", 1]]
  ↳ app/models/user.rb:26
  [1m[36mUser Update (0.5ms)[0m  [1m[33mUPDATE "users" SET "session_token" = $1, "updated_at" = $2 WHERE "users"."id" = $3[0m  [["session_token", "u7uJJbrpeOdFPSCRTHlMcA=="], ["updated_at", "2021-01-11 18:06:42.058084"], ["id", 2]]
  ↳ app/models/user.rb:26
  [1m[35m (6.9ms)[0m  [1m[35mCOMMIT[0m
  ↳ app/models/user.rb:26
No template found for SessionsController#create, rendering head :no_content
Completed 204 No Content in 470ms (ActiveRecord: 8.9ms)


Started POST "/session" for ::1 at 2021-01-11 10:06:44 -0800
Processing by SessionsController#create as HTML
  Parameters: {"authenticity_token"=>"Eu4NKDFJDvxX490rK6dUybkTNPrqY0I7E2/pvQ1WvzNA718QxH/EnV+kj3kryjP4KKgOs5i6szpbGowHc89H8g==", "user"=>{"username"=>"Angella", "password"=>"[FILTERED]"}}
  [1m[36mUser Load (0.4ms)[0m  [1m[34mSELECT  "users".* FROM "users" WHERE "users"."username" = $1 LIMIT $2[0m  [["username", "Angella"], ["LIMIT", 1]]
  ↳ app/models/user.rb:10
  [1m[35m (0.2ms)[0m  [1m[35mBEGIN[0m
  ↳ app/models/user.rb:26
  [1m[36mUser Exists (0.3ms)[0m  [1m[34mSELECT  1 AS one FROM "users" WHERE "users"."username" = $1 AND "users"."id" != $2 LIMIT $3[0m  [["username", "Angella"], ["id", 2], ["LIMIT", 1]]
  ↳ app/models/user.rb:26
  [1m[36mUser Exists (0.4ms)[0m  [1m[34mSELECT  1 AS one FROM "users" WHERE "users"."session_token" = $1 AND "users"."id" != $2 LIMIT $3[0m  [["session_token", "vqC7wREwbkRTAAdj1qKjrQ=="], ["id", 2], ["LIMIT", 1]]
  ↳ app/models/user.rb:26
  [1m[36mUser Update (1.4ms)[0m  [1m[33mUPDATE "users" SET "session_token" = $1, "updated_at" = $2 WHERE "users"."id" = $3[0m  [["session_token", "vqC7wREwbkRTAAdj1qKjrQ=="], ["updated_at", "2021-01-11 18:06:44.883450"], ["id", 2]]
  ↳ app/models/user.rb:26
  [1m[35m (1.9ms)[0m  [1m[35mCOMMIT[0m
  ↳ app/models/user.rb:26
No template found for SessionsController#create, rendering head :no_content
Completed 204 No Content in 480ms (ActiveRecord: 4.5ms)


Started GET "/session/new" for ::1 at 2021-01-11 10:06:53 -0800
Processing by SessionsController#new as HTML
  Rendering sessions/new.html.erb within layouts/application
  Rendered sessions/new.html.erb within layouts/application (5.0ms)
Completed 500 Internal Server Error in 12ms (ActiveRecord: 0.0ms)



ActionController::UrlGenerationError - No route matches {:action=>"show", :controller=>"users", :id=>nil}, missing required keys: [:id]:
  app/views/sessions/new.html.erb:1:in `_app_views_sessions_new_html_erb___2295942650750933098_70249836180860'
  app/controllers/sessions_controller.rb:4:in `new'

Started POST "/__better_errors/f851352724c005d6/variables" for ::1 at 2021-01-11 10:06:54 -0800
Started GET "/session/new" for ::1 at 2021-01-11 10:07:44 -0800
Processing by SessionsController#new as HTML
  Rendering sessions/new.html.erb within layouts/application
  Rendered sessions/new.html.erb within layouts/application (1.6ms)
  [1m[36mUser Load (0.6ms)[0m  [1m[34mSELECT  "users".* FROM "users" WHERE "users"."session_token" = $1 LIMIT $2[0m  [["session_token", "vqC7wREwbkRTAAdj1qKjrQ=="], ["LIMIT", 1]]
  ↳ app/controllers/application_controller.rb:11
Completed 200 OK in 46ms (Views: 44.4ms | ActiveRecord: 0.6ms)


Started DELETE "/session" for ::1 at 2021-01-11 10:07:46 -0800
Processing by SessionsController#destroy as HTML
  Parameters: {"authenticity_token"=>"vtVs/2LoTc6a3T2KUfZKR99XLu/SWdyNpEBH71uIIifs1D7Hl96Hr5Kab9hRmy12TuwUpqCALYzsNSJVJRHa5g=="}
  [1m[36mUser Load (0.3ms)[0m  [1m[34mSELECT  "users".* FROM "users" WHERE "users"."session_token" = $1 LIMIT $2[0m  [["session_token", "vqC7wREwbkRTAAdj1qKjrQ=="], ["LIMIT", 1]]
  ↳ app/controllers/application_controller.rb:11
  [1m[35m (0.1ms)[0m  [1m[35mBEGIN[0m
  ↳ app/models/user.rb:26
  [1m[36mUser Exists (4.5ms)[0m  [1m[34mSELECT  1 AS one FROM "users" WHERE "users"."username" = $1 AND "users"."id" != $2 LIMIT $3[0m  [["username", "Angella"], ["id", 2], ["LIMIT", 1]]
  ↳ app/models/user.rb:26
  [1m[36mUser Exists (0.8ms)[0m  [1m[34mSELECT  1 AS one FROM "users" WHERE "users"."session_token" = $1 AND "users"."id" != $2 LIMIT $3[0m  [["session_token", "QF2HT9Q4oldpwpG6pANSJA=="], ["id", 2], ["LIMIT", 1]]
  ↳ app/models/user.rb:26
  [1m[36mUser Update (0.6ms)[0m  [1m[33mUPDATE "users" SET "session_token" = $1, "updated_at" = $2 WHERE "users"."id" = $3[0m  [["session_token", "QF2HT9Q4oldpwpG6pANSJA=="], ["updated_at", "2021-01-11 18:07:46.391634"], ["id", 2]]
  ↳ app/models/user.rb:26
  [1m[35m (2.0ms)[0m  [1m[35mCOMMIT[0m
  ↳ app/models/user.rb:26
Redirected to http://localhost:3000/session/new
Completed 302 Found in 20ms (ActiveRecord: 8.3ms)


Started GET "/session/new" for ::1 at 2021-01-11 10:07:46 -0800
Processing by SessionsController#new as HTML
  Rendering sessions/new.html.erb within layouts/application
  Rendered sessions/new.html.erb within layouts/application (1.8ms)
  [1m[36mUser Load (0.5ms)[0m  [1m[34mSELECT  "users".* FROM "users" WHERE "users"."session_token" IS NULL LIMIT $1[0m  [["LIMIT", 1]]
  ↳ app/controllers/application_controller.rb:11
Completed 200 OK in 60ms (Views: 58.8ms | ActiveRecord: 0.5ms)


Started POST "/users" for ::1 at 2021-01-11 10:07:53 -0800
Processing by UsersController#create as HTML
  Parameters: {"authenticity_token"=>"pRx7cVYCM5iv/WnLi837k10QrvgD50nC8e/dtBisIM73HSlJozT5+ae6O5mLoJyizKuUsXE+uMO5mrgOZjXYDw==", "user"=>{"username"=>"Angella", "password"=>"[FILTERED]"}}
  [1m[35m (0.3ms)[0m  [1m[35mBEGIN[0m
  ↳ app/controllers/users_controller.rb:15
  [1m[36mUser Exists (0.5ms)[0m  [1m[34mSELECT  1 AS one FROM "users" WHERE "users"."username" = $1 LIMIT $2[0m  [["username", "Angella"], ["LIMIT", 1]]
  ↳ app/controllers/users_controller.rb:15
  [1m[36mUser Exists (0.4ms)[0m  [1m[34mSELECT  1 AS one FROM "users" WHERE "users"."session_token" = $1 LIMIT $2[0m  [["session_token", "obq0wrP9bw6LJyq7aCzwxw=="], ["LIMIT", 1]]
  ↳ app/controllers/users_controller.rb:15
  [1m[35m (0.2ms)[0m  [1m[31mROLLBACK[0m
  ↳ app/controllers/users_controller.rb:15
  Rendering users/new.html.erb within layouts/application
  Rendered users/new.html.erb within layouts/application (1.0ms)
  [1m[36mUser Load (0.6ms)[0m  [1m[34mSELECT  "users".* FROM "users" WHERE "users"."session_token" IS NULL LIMIT $1[0m  [["LIMIT", 1]]
  ↳ app/controllers/application_controller.rb:11
Completed 200 OK in 322ms (Views: 35.4ms | ActiveRecord: 2.0ms)


Started POST "/users" for ::1 at 2021-01-11 10:08:08 -0800
Processing by UsersController#create as HTML
  Parameters: {"authenticity_token"=>"quv9sJznDSEyaHY9qacGcH2bZhAP2eDmHU85BwF5t6346q+IadHHQDovJG+pymFB7CBcWX0AEedVOly9f+BPbA==", "user"=>{"username"=>"David", "password"=>"[FILTERED]"}}
  [1m[35m (0.3ms)[0m  [1m[35mBEGIN[0m
  ↳ app/controllers/users_controller.rb:15
  [1m[36mUser Exists (0.4ms)[0m  [1m[34mSELECT  1 AS one FROM "users" WHERE "users"."username" = $1 LIMIT $2[0m  [["username", "David"], ["LIMIT", 1]]
  ↳ app/controllers/users_controller.rb:15
  [1m[36mUser Exists (0.5ms)[0m  [1m[34mSELECT  1 AS one FROM "users" WHERE "users"."session_token" = $1 LIMIT $2[0m  [["session_token", "o7Jb9AWKUgXBfjilj1S+gA=="], ["LIMIT", 1]]
  ↳ app/controllers/users_controller.rb:15
  [1m[36mUser Create (0.4ms)[0m  [1m[32mINSERT INTO "users" ("username", "session_token", "password_digest", "created_at", "updated_at") VALUES ($1, $2, $3, $4, $5) RETURNING "id"[0m  [["username", "David"], ["session_token", "o7Jb9AWKUgXBfjilj1S+gA=="], ["password_digest", "$2a$12$jxJI8KVkGNQ7I5Xa7kuxDegmlAe8N5t.B18p4Hf1oAMFYhL53qg4m"], ["created_at", "2021-01-11 18:08:08.323087"], ["updated_at", "2021-01-11 18:08:08.323087"]]
  ↳ app/controllers/users_controller.rb:15
  [1m[35m (1.9ms)[0m  [1m[35mCOMMIT[0m
  ↳ app/controllers/users_controller.rb:15
  [1m[35m (0.1ms)[0m  [1m[35mBEGIN[0m
  ↳ app/models/user.rb:26
  [1m[36mUser Exists (0.2ms)[0m  [1m[34mSELECT  1 AS one FROM "users" WHERE "users"."username" = $1 AND "users"."id" != $2 LIMIT $3[0m  [["username", "David"], ["id", 3], ["LIMIT", 1]]
  ↳ app/models/user.rb:26
  [1m[36mUser Exists (1.0ms)[0m  [1m[34mSELECT  1 AS one FROM "users" WHERE "users"."session_token" = $1 AND "users"."id" != $2 LIMIT $3[0m  [["session_token", "v8phjg3lWFsrw1urOuBkjA=="], ["id", 3], ["LIMIT", 1]]
  ↳ app/models/user.rb:26
  [1m[36mUser Update (1.0ms)[0m  [1m[33mUPDATE "users" SET "session_token" = $1, "updated_at" = $2 WHERE "users"."id" = $3[0m  [["session_token", "v8phjg3lWFsrw1urOuBkjA=="], ["updated_at", "2021-01-11 18:08:08.334668"], ["id", 3]]
  ↳ app/models/user.rb:26
  [1m[35m (1.0ms)[0m  [1m[35mCOMMIT[0m
  ↳ app/models/user.rb:26
Redirected to http://localhost:3000/users/3
Completed 302 Found in 284ms (ActiveRecord: 6.8ms)


Started GET "/users/3" for ::1 at 2021-01-11 10:08:08 -0800
Processing by UsersController#show as HTML
  Parameters: {"id"=>"3"}
  [1m[36mUser Load (0.4ms)[0m  [1m[34mSELECT  "users".* FROM "users" WHERE "users"."session_token" = $1 LIMIT $2[0m  [["session_token", "v8phjg3lWFsrw1urOuBkjA=="], ["LIMIT", 1]]
  ↳ app/controllers/application_controller.rb:11
  [1m[36mUser Load (0.4ms)[0m  [1m[34mSELECT  "users".* FROM "users" WHERE "users"."id" = $1 LIMIT $2[0m  [["id", 3], ["LIMIT", 1]]
  ↳ app/controllers/users_controller.rb:25
  Rendering users/show.html.erb within layouts/application
  Rendered users/show.html.erb within layouts/application (1.1ms)
Completed 200 OK in 47ms (Views: 43.3ms | ActiveRecord: 0.8ms)


Started DELETE "/session" for ::1 at 2021-01-11 10:08:10 -0800
Processing by SessionsController#destroy as HTML
  Parameters: {"authenticity_token"=>"RqTx1u0Lw3o5o1sda535s6ldYVZizbomQe54IPO9CqgUpaPuGD0JGzHkCU9r8J6COOZbHxAUSycJmx2ajSTyaQ=="}
  [1m[36mUser Load (0.6ms)[0m  [1m[34mSELECT  "users".* FROM "users" WHERE "users"."session_token" = $1 LIMIT $2[0m  [["session_token", "v8phjg3lWFsrw1urOuBkjA=="], ["LIMIT", 1]]
  ↳ app/controllers/application_controller.rb:11
  [1m[35m (0.3ms)[0m  [1m[35mBEGIN[0m
  ↳ app/models/user.rb:26
  [1m[36mUser Exists (0.3ms)[0m  [1m[34mSELECT  1 AS one FROM "users" WHERE "users"."username" = $1 AND "users"."id" != $2 LIMIT $3[0m  [["username", "David"], ["id", 3], ["LIMIT", 1]]
  ↳ app/models/user.rb:26
  [1m[36mUser Exists (0.2ms)[0m  [1m[34mSELECT  1 AS one FROM "users" WHERE "users"."session_token" = $1 AND "users"."id" != $2 LIMIT $3[0m  [["session_token", "VextP0pyE13owkBVBAag5A=="], ["id", 3], ["LIMIT", 1]]
  ↳ app/models/user.rb:26
  [1m[36mUser Update (0.3ms)[0m  [1m[33mUPDATE "users" SET "session_token" = $1, "updated_at" = $2 WHERE "users"."id" = $3[0m  [["session_token", "VextP0pyE13owkBVBAag5A=="], ["updated_at", "2021-01-11 18:08:10.093905"], ["id", 3]]
  ↳ app/models/user.rb:26
  [1m[35m (1.9ms)[0m  [1m[35mCOMMIT[0m
  ↳ app/models/user.rb:26
Redirected to http://localhost:3000/session/new
Completed 302 Found in 13ms (ActiveRecord: 3.6ms)


Started GET "/session/new" for ::1 at 2021-01-11 10:08:10 -0800
Processing by SessionsController#new as HTML
  Rendering sessions/new.html.erb within layouts/application
  Rendered sessions/new.html.erb within layouts/application (1.7ms)
  [1m[36mUser Load (0.6ms)[0m  [1m[34mSELECT  "users".* FROM "users" WHERE "users"."session_token" IS NULL LIMIT $1[0m  [["LIMIT", 1]]
  ↳ app/controllers/application_controller.rb:11
Completed 200 OK in 48ms (Views: 46.8ms | ActiveRecord: 0.6ms)


Started POST "/users" for ::1 at 2021-01-11 10:08:17 -0800
Processing by UsersController#create as HTML
  Parameters: {"authenticity_token"=>"w1G1UCr5YFzSB8rek/5W+CWche9FlZAzdGcWedTR2W6RUOdo38+qPdpAmIyTkzHJtCe/pjdMYTI8EnPDqkghrw==", "user"=>{"username"=>"David", "password"=>"[FILTERED]"}}
  [1m[35m (0.3ms)[0m  [1m[35mBEGIN[0m
  ↳ app/controllers/users_controller.rb:15
  [1m[36mUser Exists (0.4ms)[0m  [1m[34mSELECT  1 AS one FROM "users" WHERE "users"."username" = $1 LIMIT $2[0m  [["username", "David"], ["LIMIT", 1]]
  ↳ app/controllers/users_controller.rb:15
  [1m[36mUser Exists (0.3ms)[0m  [1m[34mSELECT  1 AS one FROM "users" WHERE "users"."session_token" = $1 LIMIT $2[0m  [["session_token", "PH9Svl9eLMDzY1nb1/5rHg=="], ["LIMIT", 1]]
  ↳ app/controllers/users_controller.rb:15
  [1m[35m (0.2ms)[0m  [1m[31mROLLBACK[0m
  ↳ app/controllers/users_controller.rb:15
  Rendering users/new.html.erb within layouts/application
  Rendered users/new.html.erb within layouts/application (2.0ms)
  [1m[36mUser Load (0.6ms)[0m  [1m[34mSELECT  "users".* FROM "users" WHERE "users"."session_token" IS NULL LIMIT $1[0m  [["LIMIT", 1]]
  ↳ app/controllers/application_controller.rb:11
Completed 200 OK in 322ms (Views: 49.6ms | ActiveRecord: 1.8ms)


Started GET "/users/new" for ::1 at 2021-01-11 10:08:32 -0800
Processing by UsersController#new as HTML
  Rendering users/new.html.erb within layouts/application
  Rendered users/new.html.erb within layouts/application (0.6ms)
  [1m[36mUser Load (0.3ms)[0m  [1m[34mSELECT  "users".* FROM "users" WHERE "users"."session_token" IS NULL LIMIT $1[0m  [["LIMIT", 1]]
  ↳ app/controllers/application_controller.rb:11
Completed 200 OK in 46ms (Views: 45.2ms | ActiveRecord: 0.3ms)


Started POST "/users" for ::1 at 2021-01-11 10:08:55 -0800
Processing by UsersController#create as HTML
  Parameters: {"authenticity_token"=>"UCFXvnYKGvJgguFYF3oYljLb8GOTHhEP0uabSyJ8WxUCIAWGgzzQk2jFswoXF3+no2DKKuHH4A6ak/7xXOWj1A==", "user"=>{"username"=>"Lina", "password"=>"[FILTERED]"}}
  [1m[35m (0.2ms)[0m  [1m[35mBEGIN[0m
  ↳ app/controllers/users_controller.rb:15
  [1m[36mUser Exists (0.5ms)[0m  [1m[34mSELECT  1 AS one FROM "users" WHERE "users"."username" = $1 LIMIT $2[0m  [["username", "Lina"], ["LIMIT", 1]]
  ↳ app/controllers/users_controller.rb:15
  [1m[36mUser Exists (0.5ms)[0m  [1m[34mSELECT  1 AS one FROM "users" WHERE "users"."session_token" = $1 LIMIT $2[0m  [["session_token", "gBuEcSsUGHTl78czL5PCDQ=="], ["LIMIT", 1]]
  ↳ app/controllers/users_controller.rb:15
  [1m[36mUser Create (0.5ms)[0m  [1m[32mINSERT INTO "users" ("username", "session_token", "password_digest", "created_at", "updated_at") VALUES ($1, $2, $3, $4, $5) RETURNING "id"[0m  [["username", "Lina"], ["session_token", "gBuEcSsUGHTl78czL5PCDQ=="], ["password_digest", "$2a$12$/5Y1NyU7DTi/pW3pxh1JjOQvW3RBNYc9PPjufkIt9pBOMwr22KNZi"], ["created_at", "2021-01-11 18:08:55.748329"], ["updated_at", "2021-01-11 18:08:55.748329"]]
  ↳ app/controllers/users_controller.rb:15
  [1m[35m (1.9ms)[0m  [1m[35mCOMMIT[0m
  ↳ app/controllers/users_controller.rb:15
  [1m[35m (0.1ms)[0m  [1m[35mBEGIN[0m
  ↳ app/models/user.rb:26
  [1m[36mUser Exists (0.4ms)[0m  [1m[34mSELECT  1 AS one FROM "users" WHERE "users"."username" = $1 AND "users"."id" != $2 LIMIT $3[0m  [["username", "Lina"], ["id", 4], ["LIMIT", 1]]
  ↳ app/models/user.rb:26
  [1m[36mUser Exists (0.9ms)[0m  [1m[34mSELECT  1 AS one FROM "users" WHERE "users"."session_token" = $1 AND "users"."id" != $2 LIMIT $3[0m  [["session_token", "zHlFwzoN6mqagBrstvzkiA=="], ["id", 4], ["LIMIT", 1]]
  ↳ app/models/user.rb:26
  [1m[36mUser Update (0.5ms)[0m  [1m[33mUPDATE "users" SET "session_token" = $1, "updated_at" = $2 WHERE "users"."id" = $3[0m  [["session_token", "zHlFwzoN6mqagBrstvzkiA=="], ["updated_at", "2021-01-11 18:08:55.763745"], ["id", 4]]
  ↳ app/models/user.rb:26
  [1m[35m (0.4ms)[0m  [1m[35mCOMMIT[0m
  ↳ app/models/user.rb:26
Redirected to http://localhost:3000/users/4
Completed 302 Found in 289ms (ActiveRecord: 6.0ms)


Started GET "/users/4" for ::1 at 2021-01-11 10:08:55 -0800
Processing by UsersController#show as HTML
  Parameters: {"id"=>"4"}
  [1m[36mUser Load (2.9ms)[0m  [1m[34mSELECT  "users".* FROM "users" WHERE "users"."session_token" = $1 LIMIT $2[0m  [["session_token", "zHlFwzoN6mqagBrstvzkiA=="], ["LIMIT", 1]]
  ↳ app/controllers/application_controller.rb:11
  [1m[36mUser Load (0.5ms)[0m  [1m[34mSELECT  "users".* FROM "users" WHERE "users"."id" = $1 LIMIT $2[0m  [["id", 4], ["LIMIT", 1]]
  ↳ app/controllers/users_controller.rb:25
  Rendering users/show.html.erb within layouts/application
  Rendered users/show.html.erb within layouts/application (0.6ms)
Completed 200 OK in 51ms (Views: 42.8ms | ActiveRecord: 3.4ms)


Started DELETE "/session" for ::1 at 2021-01-11 10:08:59 -0800
Processing by SessionsController#destroy as HTML
  Parameters: {"authenticity_token"=>"b5mcydsh5Ji/P4iTdzH1baQA84qOI2yyKd1pk0F4IrU9mM7xLhcu+bd42sF3XJJcNbvJw/z6nbNhqAwpP+HadA=="}
  [1m[36mUser Load (0.4ms)[0m  [1m[34mSELECT  "users".* FROM "users" WHERE "users"."session_token" = $1 LIMIT $2[0m  [["session_token", "zHlFwzoN6mqagBrstvzkiA=="], ["LIMIT", 1]]
  ↳ app/controllers/application_controller.rb:11
  [1m[35m (0.5ms)[0m  [1m[35mBEGIN[0m
  ↳ app/models/user.rb:26
  [1m[36mUser Exists (0.8ms)[0m  [1m[34mSELECT  1 AS one FROM "users" WHERE "users"."username" = $1 AND "users"."id" != $2 LIMIT $3[0m  [["username", "Lina"], ["id", 4], ["LIMIT", 1]]
  ↳ app/models/user.rb:26
  [1m[36mUser Exists (0.9ms)[0m  [1m[34mSELECT  1 AS one FROM "users" WHERE "users"."session_token" = $1 AND "users"."id" != $2 LIMIT $3[0m  [["session_token", "DEl+nxHL7smtJucrseFhYA=="], ["id", 4], ["LIMIT", 1]]
  ↳ app/models/user.rb:26
  [1m[36mUser Update (0.4ms)[0m  [1m[33mUPDATE "users" SET "session_token" = $1, "updated_at" = $2 WHERE "users"."id" = $3[0m  [["session_token", "DEl+nxHL7smtJucrseFhYA=="], ["updated_at", "2021-01-11 18:08:59.199036"], ["id", 4]]
  ↳ app/models/user.rb:26
  [1m[35m (2.0ms)[0m  [1m[35mCOMMIT[0m
  ↳ app/models/user.rb:26
Redirected to http://localhost:3000/session/new
Completed 302 Found in 16ms (ActiveRecord: 4.9ms)


Started GET "/session/new" for ::1 at 2021-01-11 10:08:59 -0800
Processing by SessionsController#new as HTML
  Rendering sessions/new.html.erb within layouts/application
  Rendered sessions/new.html.erb within layouts/application (1.0ms)
  [1m[36mUser Load (5.0ms)[0m  [1m[34mSELECT  "users".* FROM "users" WHERE "users"."session_token" IS NULL LIMIT $1[0m  [["LIMIT", 1]]
  ↳ app/controllers/application_controller.rb:11
Completed 200 OK in 55ms (Views: 49.0ms | ActiveRecord: 5.0ms)


Started POST "/users" for ::1 at 2021-01-11 10:09:18 -0800
Processing by UsersController#create as HTML
  Parameters: {"authenticity_token"=>"t9ZnBNGJdh3Dhd20HxXOaChxeyT1tWUtXq9Y2UfUBb7l1zU8JL+8fMvCj+YfeKlZucpBbYdslCwW2j1jOU39fw==", "user"=>{"username"=>"Lina", "password"=>"[FILTERED]"}}
  [1m[35m (0.2ms)[0m  [1m[35mBEGIN[0m
  ↳ app/controllers/users_controller.rb:15
  [1m[36mUser Exists (0.5ms)[0m  [1m[34mSELECT  1 AS one FROM "users" WHERE "users"."username" = $1 LIMIT $2[0m  [["username", "Lina"], ["LIMIT", 1]]
  ↳ app/controllers/users_controller.rb:15
  [1m[36mUser Exists (0.9ms)[0m  [1m[34mSELECT  1 AS one FROM "users" WHERE "users"."session_token" = $1 LIMIT $2[0m  [["session_token", "YUBXOwBxe0B8/Sw+Cw6GvA=="], ["LIMIT", 1]]
  ↳ app/controllers/users_controller.rb:15
  [1m[35m (0.2ms)[0m  [1m[31mROLLBACK[0m
  ↳ app/controllers/users_controller.rb:15
  Rendering users/new.html.erb within layouts/application
  Rendered users/new.html.erb within layouts/application (0.9ms)
  [1m[36mUser Load (2.0ms)[0m  [1m[34mSELECT  "users".* FROM "users" WHERE "users"."session_token" IS NULL LIMIT $1[0m  [["LIMIT", 1]]
  ↳ app/controllers/application_controller.rb:11
Completed 200 OK in 321ms (Views: 32.8ms | ActiveRecord: 3.8ms)


Started GET "/users" for ::1 at 2021-01-11 10:10:21 -0800
Processing by UsersController#index as HTML
  [1m[36mUser Load (0.2ms)[0m  [1m[34mSELECT  "users".* FROM "users" WHERE "users"."session_token" IS NULL LIMIT $1[0m  [["LIMIT", 1]]
  ↳ app/controllers/application_controller.rb:11
Redirected to http://localhost:3000/session/new
Filter chain halted as :require_login! rendered or redirected
Completed 302 Found in 2ms (ActiveRecord: 0.2ms)


Started GET "/session/new" for ::1 at 2021-01-11 10:10:21 -0800
Processing by SessionsController#new as HTML
  Rendering sessions/new.html.erb within layouts/application
  Rendered sessions/new.html.erb within layouts/application (0.6ms)
  [1m[36mUser Load (0.3ms)[0m  [1m[34mSELECT  "users".* FROM "users" WHERE "users"."session_token" IS NULL LIMIT $1[0m  [["LIMIT", 1]]
  ↳ app/controllers/application_controller.rb:11
Completed 200 OK in 41ms (Views: 40.3ms | ActiveRecord: 0.3ms)


Started POST "/session" for ::1 at 2021-01-11 10:10:30 -0800
Processing by SessionsController#create as HTML
  Parameters: {"authenticity_token"=>"28VHyU3AyzxPMSbGwYBFhijE2ZZWlqNT2v2X+5BjDm6JxBXxuPYBXUd2dJTB7SK3uX/j3yRPUlKSiPJB7vr2rw==", "user"=>{"username"=>"Lina", "password"=>"[FILTERED]"}}
  [1m[36mUser Load (1.6ms)[0m  [1m[34mSELECT  "users".* FROM "users" WHERE "users"."username" = $1 LIMIT $2[0m  [["username", "Lina"], ["LIMIT", 1]]
  ↳ app/models/user.rb:10
  Rendering sessions/new.html.erb within layouts/application
  Rendered sessions/new.html.erb within layouts/application (0.9ms)
  [1m[36mUser Load (0.3ms)[0m  [1m[34mSELECT  "users".* FROM "users" WHERE "users"."session_token" IS NULL LIMIT $1[0m  [["LIMIT", 1]]
  ↳ app/controllers/application_controller.rb:11
Completed 200 OK in 311ms (Views: 37.6ms | ActiveRecord: 1.9ms)


Started POST "/session" for ::1 at 2021-01-11 10:10:46 -0800
Processing by SessionsController#create as HTML
  Parameters: {"authenticity_token"=>"Rm+pbBDTYDYMeE7+VmkBbXriiAsbWjFrJfnM64fRsJgUbvtU5eWqVwQ/HKxWBGZc61myQmmDwGptjKlR+UhIWQ==", "user"=>{"username"=>"Angella", "password"=>"[FILTERED]"}}
  [1m[36mUser Load (0.2ms)[0m  [1m[34mSELECT  "users".* FROM "users" WHERE "users"."username" = $1 LIMIT $2[0m  [["username", "Angella"], ["LIMIT", 1]]
  ↳ app/models/user.rb:10
  [1m[35m (0.2ms)[0m  [1m[35mBEGIN[0m
  ↳ app/models/user.rb:26
  [1m[36mUser Exists (0.4ms)[0m  [1m[34mSELECT  1 AS one FROM "users" WHERE "users"."username" = $1 AND "users"."id" != $2 LIMIT $3[0m  [["username", "Angella"], ["id", 2], ["LIMIT", 1]]
  ↳ app/models/user.rb:26
  [1m[36mUser Exists (0.3ms)[0m  [1m[34mSELECT  1 AS one FROM "users" WHERE "users"."session_token" = $1 AND "users"."id" != $2 LIMIT $3[0m  [["session_token", "WSdIArPuvA7DH+6VUTqw6A=="], ["id", 2], ["LIMIT", 1]]
  ↳ app/models/user.rb:26
  [1m[36mUser Update (0.5ms)[0m  [1m[33mUPDATE "users" SET "session_token" = $1, "updated_at" = $2 WHERE "users"."id" = $3[0m  [["session_token", "WSdIArPuvA7DH+6VUTqw6A=="], ["updated_at", "2021-01-11 18:10:46.955553"], ["id", 2]]
  ↳ app/models/user.rb:26
  [1m[35m (1.9ms)[0m  [1m[35mCOMMIT[0m
  ↳ app/models/user.rb:26
No template found for SessionsController#create, rendering head :no_content
Completed 204 No Content in 465ms (ActiveRecord: 3.4ms)


Started GET "/users/new" for ::1 at 2021-01-11 10:11:03 -0800
Processing by UsersController#new as HTML
  Rendering users/new.html.erb within layouts/application
  Rendered users/new.html.erb within layouts/application (0.8ms)
  [1m[36mUser Load (0.4ms)[0m  [1m[34mSELECT  "users".* FROM "users" WHERE "users"."session_token" = $1 LIMIT $2[0m  [["session_token", "WSdIArPuvA7DH+6VUTqw6A=="], ["LIMIT", 1]]
  ↳ app/controllers/application_controller.rb:11
Completed 200 OK in 49ms (Views: 47.4ms | ActiveRecord: 0.4ms)


Started DELETE "/session" for ::1 at 2021-01-11 10:11:05 -0800
Processing by SessionsController#destroy as HTML
  Parameters: {"authenticity_token"=>"UANnEp6T6QvljDOPAq1phpQPS6JGUOAKIGrjE6RO1iUCAjUqa6Ujau3LYd0CwA63BbRx6zSJEQtoH4ap2tcu5A=="}
  [1m[36mUser Load (0.3ms)[0m  [1m[34mSELECT  "users".* FROM "users" WHERE "users"."session_token" = $1 LIMIT $2[0m  [["session_token", "WSdIArPuvA7DH+6VUTqw6A=="], ["LIMIT", 1]]
  ↳ app/controllers/application_controller.rb:11
  [1m[35m (0.1ms)[0m  [1m[35mBEGIN[0m
  ↳ app/models/user.rb:26
  [1m[36mUser Exists (1.5ms)[0m  [1m[34mSELECT  1 AS one FROM "users" WHERE "users"."username" = $1 AND "users"."id" != $2 LIMIT $3[0m  [["username", "Angella"], ["id", 2], ["LIMIT", 1]]
  ↳ app/models/user.rb:26
  [1m[36mUser Exists (0.5ms)[0m  [1m[34mSELECT  1 AS one FROM "users" WHERE "users"."session_token" = $1 AND "users"."id" != $2 LIMIT $3[0m  [["session_token", "cnk07/UYSPYPEiRk7NhsXw=="], ["id", 2], ["LIMIT", 1]]
  ↳ app/models/user.rb:26
  [1m[36mUser Update (0.6ms)[0m  [1m[33mUPDATE "users" SET "session_token" = $1, "updated_at" = $2 WHERE "users"."id" = $3[0m  [["session_token", "cnk07/UYSPYPEiRk7NhsXw=="], ["updated_at", "2021-01-11 18:11:05.429248"], ["id", 2]]
  ↳ app/models/user.rb:26
  [1m[35m (2.2ms)[0m  [1m[35mCOMMIT[0m
  ↳ app/models/user.rb:26
Redirected to http://localhost:3000/session/new
Completed 302 Found in 16ms (ActiveRecord: 5.2ms)


Started GET "/session/new" for ::1 at 2021-01-11 10:11:05 -0800
Processing by SessionsController#new as HTML
  Rendering sessions/new.html.erb within layouts/application
  Rendered sessions/new.html.erb within layouts/application (0.7ms)
  [1m[36mUser Load (1.3ms)[0m  [1m[34mSELECT  "users".* FROM "users" WHERE "users"."session_token" IS NULL LIMIT $1[0m  [["LIMIT", 1]]
  ↳ app/controllers/application_controller.rb:11
Completed 200 OK in 64ms (Views: 62.1ms | ActiveRecord: 1.3ms)


Started GET "/users/new" for ::1 at 2021-01-11 10:11:14 -0800
Processing by UsersController#new as HTML
  Rendering users/new.html.erb within layouts/application
  Rendered users/new.html.erb within layouts/application (0.7ms)
  [1m[36mUser Load (1.3ms)[0m  [1m[34mSELECT  "users".* FROM "users" WHERE "users"."session_token" IS NULL LIMIT $1[0m  [["LIMIT", 1]]
  ↳ app/controllers/application_controller.rb:11
Completed 200 OK in 38ms (Views: 35.8ms | ActiveRecord: 1.3ms)


Started POST "/users" for ::1 at 2021-01-11 10:11:31 -0800
Processing by UsersController#create as HTML
  Parameters: {"authenticity_token"=>"lVhxnvlasXkkEVwPX6hSpPZOXJQm59hGub3leePPWCvHWSOmDGx7GCxWDl1fxTWVZ/Vm3VQ+KUfxyIDDnVag6g==", "user"=>{"username"=>"user1", "password"=>"[FILTERED]"}}
  [1m[35m (0.2ms)[0m  [1m[35mBEGIN[0m
  ↳ app/controllers/users_controller.rb:15
  [1m[36mUser Exists (0.4ms)[0m  [1m[34mSELECT  1 AS one FROM "users" WHERE "users"."username" = $1 LIMIT $2[0m  [["username", "user1"], ["LIMIT", 1]]
  ↳ app/controllers/users_controller.rb:15
  [1m[36mUser Exists (0.3ms)[0m  [1m[34mSELECT  1 AS one FROM "users" WHERE "users"."session_token" = $1 LIMIT $2[0m  [["session_token", "0RYVgVwBzHoMvSH+bcmayQ=="], ["LIMIT", 1]]
  ↳ app/controllers/users_controller.rb:15
  [1m[36mUser Create (0.3ms)[0m  [1m[32mINSERT INTO "users" ("username", "session_token", "password_digest", "created_at", "updated_at") VALUES ($1, $2, $3, $4, $5) RETURNING "id"[0m  [["username", "user1"], ["session_token", "0RYVgVwBzHoMvSH+bcmayQ=="], ["password_digest", "$2a$12$5FCTpfjzJ8beO5C/GPKXKuWxNCgsdQR32M0QQKcjzmrG9xN5UR2Bq"], ["created_at", "2021-01-11 18:11:31.497260"], ["updated_at", "2021-01-11 18:11:31.497260"]]
  ↳ app/controllers/users_controller.rb:15
  [1m[35m (1.9ms)[0m  [1m[35mCOMMIT[0m
  ↳ app/controllers/users_controller.rb:15
  [1m[35m (0.1ms)[0m  [1m[35mBEGIN[0m
  ↳ app/models/user.rb:26
  [1m[36mUser Exists (0.4ms)[0m  [1m[34mSELECT  1 AS one FROM "users" WHERE "users"."username" = $1 AND "users"."id" != $2 LIMIT $3[0m  [["username", "user1"], ["id", 5], ["LIMIT", 1]]
  ↳ app/models/user.rb:26
  [1m[36mUser Exists (1.4ms)[0m  [1m[34mSELECT  1 AS one FROM "users" WHERE "users"."session_token" = $1 AND "users"."id" != $2 LIMIT $3[0m  [["session_token", "ISxdttvyYMEoDDPA+6TBCA=="], ["id", 5], ["LIMIT", 1]]
  ↳ app/models/user.rb:26
  [1m[36mUser Update (0.4ms)[0m  [1m[33mUPDATE "users" SET "session_token" = $1, "updated_at" = $2 WHERE "users"."id" = $3[0m  [["session_token", "ISxdttvyYMEoDDPA+6TBCA=="], ["updated_at", "2021-01-11 18:11:31.508039"], ["id", 5]]
  ↳ app/models/user.rb:26
  [1m[35m (0.3ms)[0m  [1m[35mCOMMIT[0m
  ↳ app/models/user.rb:26
Redirected to http://localhost:3000/users/5
Completed 302 Found in 283ms (ActiveRecord: 5.7ms)


Started GET "/users/5" for ::1 at 2021-01-11 10:11:31 -0800
Processing by UsersController#show as HTML
  Parameters: {"id"=>"5"}
  [1m[36mUser Load (0.5ms)[0m  [1m[34mSELECT  "users".* FROM "users" WHERE "users"."session_token" = $1 LIMIT $2[0m  [["session_token", "ISxdttvyYMEoDDPA+6TBCA=="], ["LIMIT", 1]]
  ↳ app/controllers/application_controller.rb:11
  [1m[36mUser Load (0.8ms)[0m  [1m[34mSELECT  "users".* FROM "users" WHERE "users"."id" = $1 LIMIT $2[0m  [["id", 5], ["LIMIT", 1]]
  ↳ app/controllers/users_controller.rb:25
  Rendering users/show.html.erb within layouts/application
  Rendered users/show.html.erb within layouts/application (0.6ms)
Completed 200 OK in 47ms (Views: 42.0ms | ActiveRecord: 1.3ms)


Started DELETE "/session" for ::1 at 2021-01-11 10:11:36 -0800
Processing by SessionsController#destroy as HTML
  Parameters: {"authenticity_token"=>"U4CUJMolPdq695CtGr6deuPaVD8Fuj2VhjKJe4MJm/wBgcYcPxP3u7Kwwv8a0/pLcmFudndjzJTOR+zB/ZBjPQ=="}
  [1m[36mUser Load (0.5ms)[0m  [1m[34mSELECT  "users".* FROM "users" WHERE "users"."session_token" = $1 LIMIT $2[0m  [["session_token", "ISxdttvyYMEoDDPA+6TBCA=="], ["LIMIT", 1]]
  ↳ app/controllers/application_controller.rb:11
  [1m[35m (0.3ms)[0m  [1m[35mBEGIN[0m
  ↳ app/models/user.rb:26
  [1m[36mUser Exists (0.4ms)[0m  [1m[34mSELECT  1 AS one FROM "users" WHERE "users"."username" = $1 AND "users"."id" != $2 LIMIT $3[0m  [["username", "user1"], ["id", 5], ["LIMIT", 1]]
  ↳ app/models/user.rb:26
  [1m[36mUser Exists (0.2ms)[0m  [1m[34mSELECT  1 AS one FROM "users" WHERE "users"."session_token" = $1 AND "users"."id" != $2 LIMIT $3[0m  [["session_token", "e7VO6taogA74mUrG6sXNwA=="], ["id", 5], ["LIMIT", 1]]
  ↳ app/models/user.rb:26
  [1m[36mUser Update (0.4ms)[0m  [1m[33mUPDATE "users" SET "session_token" = $1, "updated_at" = $2 WHERE "users"."id" = $3[0m  [["session_token", "e7VO6taogA74mUrG6sXNwA=="], ["updated_at", "2021-01-11 18:11:36.126647"], ["id", 5]]
  ↳ app/models/user.rb:26
  [1m[35m (1.9ms)[0m  [1m[35mCOMMIT[0m
  ↳ app/models/user.rb:26
Redirected to http://localhost:3000/session/new
Completed 302 Found in 14ms (ActiveRecord: 3.7ms)


Started GET "/session/new" for ::1 at 2021-01-11 10:11:36 -0800
Processing by SessionsController#new as HTML
  Rendering sessions/new.html.erb within layouts/application
  Rendered sessions/new.html.erb within layouts/application (1.0ms)
  [1m[36mUser Load (4.3ms)[0m  [1m[34mSELECT  "users".* FROM "users" WHERE "users"."session_token" IS NULL LIMIT $1[0m  [["LIMIT", 1]]
  ↳ app/controllers/application_controller.rb:11
Completed 200 OK in 41ms (Views: 36.0ms | ActiveRecord: 4.3ms)


Started POST "/session" for ::1 at 2021-01-11 10:11:44 -0800
Processing by SessionsController#create as HTML
  Parameters: {"authenticity_token"=>"YG67dU2P11QgT9M0l2eUYIb6PVcOY/M+fftOrRNRDJYyb+lNuLkdNSgIgWaXCvNRF0EHHny6Aj81jisXbcj0Vw==", "user"=>{"username"=>"user1", "password"=>"[FILTERED]"}}
  [1m[36mUser Load (0.3ms)[0m  [1m[34mSELECT  "users".* FROM "users" WHERE "users"."username" = $1 LIMIT $2[0m  [["username", "user1"], ["LIMIT", 1]]
  ↳ app/models/user.rb:10
  [1m[35m (0.2ms)[0m  [1m[35mBEGIN[0m
  ↳ app/models/user.rb:26
  [1m[36mUser Exists (0.4ms)[0m  [1m[34mSELECT  1 AS one FROM "users" WHERE "users"."username" = $1 AND "users"."id" != $2 LIMIT $3[0m  [["username", "user1"], ["id", 5], ["LIMIT", 1]]
  ↳ app/models/user.rb:26
  [1m[36mUser Exists (0.3ms)[0m  [1m[34mSELECT  1 AS one FROM "users" WHERE "users"."session_token" = $1 AND "users"."id" != $2 LIMIT $3[0m  [["session_token", "IsjTpuCmkv8OeuY7QlhVVg=="], ["id", 5], ["LIMIT", 1]]
  ↳ app/models/user.rb:26
  [1m[36mUser Update (0.3ms)[0m  [1m[33mUPDATE "users" SET "session_token" = $1, "updated_at" = $2 WHERE "users"."id" = $3[0m  [["session_token", "IsjTpuCmkv8OeuY7QlhVVg=="], ["updated_at", "2021-01-11 18:11:45.103541"], ["id", 5]]
  ↳ app/models/user.rb:26
  [1m[35m (2.0ms)[0m  [1m[35mCOMMIT[0m
  ↳ app/models/user.rb:26
No template found for SessionsController#create, rendering head :no_content
Completed 204 No Content in 468ms (ActiveRecord: 3.6ms)


Started POST "/session" for ::1 at 2021-01-11 10:13:35 -0800
Processing by SessionsController#create as HTML
  Parameters: {"authenticity_token"=>"YG67dU2P11QgT9M0l2eUYIb6PVcOY/M+fftOrRNRDJYyb+lNuLkdNSgIgWaXCvNRF0EHHny6Aj81jisXbcj0Vw==", "user"=>{"username"=>"user1", "password"=>"[FILTERED]"}}
  [1m[36mUser Load (0.3ms)[0m  [1m[34mSELECT  "users".* FROM "users" WHERE "users"."username" = $1 LIMIT $2[0m  [["username", "user1"], ["LIMIT", 1]]
  ↳ app/models/user.rb:10
  [1m[35m (0.4ms)[0m  [1m[35mBEGIN[0m
  ↳ app/models/user.rb:26
  [1m[36mUser Exists (0.8ms)[0m  [1m[34mSELECT  1 AS one FROM "users" WHERE "users"."username" = $1 AND "users"."id" != $2 LIMIT $3[0m  [["username", "user1"], ["id", 5], ["LIMIT", 1]]
  ↳ app/models/user.rb:26
  [1m[36mUser Exists (0.4ms)[0m  [1m[34mSELECT  1 AS one FROM "users" WHERE "users"."session_token" = $1 AND "users"."id" != $2 LIMIT $3[0m  [["session_token", "nhi3Fq2HKReeha7pg1LOyA=="], ["id", 5], ["LIMIT", 1]]
  ↳ app/models/user.rb:26
  [1m[36mUser Update (0.4ms)[0m  [1m[33mUPDATE "users" SET "session_token" = $1, "updated_at" = $2 WHERE "users"."id" = $3[0m  [["session_token", "nhi3Fq2HKReeha7pg1LOyA=="], ["updated_at", "2021-01-11 18:13:36.271550"], ["id", 5]]
  ↳ app/models/user.rb:26
  [1m[35m (1.9ms)[0m  [1m[35mCOMMIT[0m
  ↳ app/models/user.rb:26
Redirected to http://localhost:3000/users/5
Completed 302 Found in 306ms (ActiveRecord: 13.1ms)


Started GET "/users/5" for ::1 at 2021-01-11 10:13:36 -0800
Processing by UsersController#show as HTML
  Parameters: {"id"=>"5"}
  [1m[36mUser Load (0.5ms)[0m  [1m[34mSELECT  "users".* FROM "users" WHERE "users"."session_token" = $1 LIMIT $2[0m  [["session_token", "nhi3Fq2HKReeha7pg1LOyA=="], ["LIMIT", 1]]
  ↳ app/controllers/application_controller.rb:11
  [1m[36mUser Load (6.3ms)[0m  [1m[34mSELECT  "users".* FROM "users" WHERE "users"."id" = $1 LIMIT $2[0m  [["id", 5], ["LIMIT", 1]]
  ↳ app/controllers/users_controller.rb:25
  Rendering users/show.html.erb within layouts/application
  Rendered users/show.html.erb within layouts/application (0.3ms)
Completed 200 OK in 65ms (Views: 53.1ms | ActiveRecord: 6.9ms)


Started DELETE "/session" for ::1 at 2021-01-11 10:13:39 -0800
Processing by SessionsController#destroy as HTML
  Parameters: {"authenticity_token"=>"iHpxM2jQi9IOl54C9xYF6jOtcT65mCz3Eoh/m0rbVgbaeyMLneZBswbQzFD3e2LbohZLd8tB3fZa/RohNEKuxw=="}
  [1m[36mUser Load (0.2ms)[0m  [1m[34mSELECT  "users".* FROM "users" WHERE "users"."session_token" = $1 LIMIT $2[0m  [["session_token", "nhi3Fq2HKReeha7pg1LOyA=="], ["LIMIT", 1]]
  ↳ app/controllers/application_controller.rb:11
  [1m[35m (0.1ms)[0m  [1m[35mBEGIN[0m
  ↳ app/models/user.rb:26
  [1m[36mUser Exists (0.3ms)[0m  [1m[34mSELECT  1 AS one FROM "users" WHERE "users"."username" = $1 AND "users"."id" != $2 LIMIT $3[0m  [["username", "user1"], ["id", 5], ["LIMIT", 1]]
  ↳ app/models/user.rb:26
  [1m[36mUser Exists (0.2ms)[0m  [1m[34mSELECT  1 AS one FROM "users" WHERE "users"."session_token" = $1 AND "users"."id" != $2 LIMIT $3[0m  [["session_token", "XbJtY6cvNbFrOzFcEZZdWA=="], ["id", 5], ["LIMIT", 1]]
  ↳ app/models/user.rb:26
  [1m[36mUser Update (0.3ms)[0m  [1m[33mUPDATE "users" SET "session_token" = $1, "updated_at" = $2 WHERE "users"."id" = $3[0m  [["session_token", "XbJtY6cvNbFrOzFcEZZdWA=="], ["updated_at", "2021-01-11 18:13:39.542765"], ["id", 5]]
  ↳ app/models/user.rb:26
  [1m[35m (2.6ms)[0m  [1m[35mCOMMIT[0m
  ↳ app/models/user.rb:26
Redirected to http://localhost:3000/session/new
Completed 302 Found in 18ms (ActiveRecord: 3.6ms)


Started GET "/session/new" for ::1 at 2021-01-11 10:13:39 -0800
Processing by SessionsController#new as HTML
  Rendering sessions/new.html.erb within layouts/application
  Rendered sessions/new.html.erb within layouts/application (0.6ms)
  [1m[36mUser Load (0.4ms)[0m  [1m[34mSELECT  "users".* FROM "users" WHERE "users"."session_token" IS NULL LIMIT $1[0m  [["LIMIT", 1]]
  ↳ app/controllers/application_controller.rb:11
Completed 200 OK in 47ms (Views: 45.9ms | ActiveRecord: 0.4ms)


  [1m[35m (0.2ms)[0m  [1m[34mSELECT pg_try_advisory_lock(688274183373989625)[0m
  ↳ bin/rails:9
  [1m[35m (1.0ms)[0m  [1m[34mSELECT "schema_migrations"."version" FROM "schema_migrations" ORDER BY "schema_migrations"."version" ASC[0m
  ↳ bin/rails:9
Migrating to CreateSubs (20210111181534)
  [1m[35m (0.1ms)[0m  [1m[35mBEGIN[0m
  ↳ bin/rails:9
  [1m[35m (6.6ms)[0m  [1m[35mCREATE TABLE "subs" ("id" bigserial primary key, "title" character varying NOT NULL, "description" character varying NOT NULL, "moderator_id" integer NOT NULL, "created_at" timestamp NOT NULL, "updated_at" timestamp NOT NULL)[0m
  ↳ db/migrate/20210111181534_create_subs.rb:3
  [1m[36mActiveRecord::SchemaMigration Create (0.4ms)[0m  [1m[32mINSERT INTO "schema_migrations" ("version") VALUES ($1) RETURNING "version"[0m  [["version", "20210111181534"]]
  ↳ bin/rails:9
  [1m[35m (0.9ms)[0m  [1m[35mCOMMIT[0m
  ↳ bin/rails:9
  [1m[36mActiveRecord::InternalMetadata Load (0.4ms)[0m  [1m[34mSELECT  "ar_internal_metadata".* FROM "ar_internal_metadata" WHERE "ar_internal_metadata"."key" = $1 LIMIT $2[0m  [["key", "environment"], ["LIMIT", 1]]
  ↳ bin/rails:9
  [1m[35m (0.2ms)[0m  [1m[35mBEGIN[0m
  ↳ bin/rails:9
  [1m[35m (0.2ms)[0m  [1m[35mCOMMIT[0m
  ↳ bin/rails:9
  [1m[35m (0.2ms)[0m  [1m[34mSELECT pg_advisory_unlock(688274183373989625)[0m
  ↳ bin/rails:9
  [1m[35m (0.3ms)[0m  [1m[34mSELECT "schema_migrations"."version" FROM "schema_migrations" ORDER BY "schema_migrations"."version" ASC[0m
  ↳ bin/rails:9
